{"/home/travis/build/npmtest/node-npmtest-elasticsearch-odm/test.js":{"path":"/home/travis/build/npmtest/node-npmtest-elasticsearch-odm/test.js","s":{"1":2,"2":2,"3":2,"4":2,"5":2,"6":2,"7":2,"8":1,"9":2,"10":2,"11":1,"12":1,"13":1,"14":1,"15":2,"16":2,"17":2,"18":2,"19":1,"20":1,"21":2,"22":2,"23":2,"24":1,"25":1,"26":1,"27":1,"28":1,"29":1,"30":1,"31":1,"32":1,"33":1,"34":1,"35":1,"36":1,"37":1,"38":1,"39":2,"40":2,"41":1,"42":2,"43":2,"44":1,"45":2,"46":2,"47":1,"48":2,"49":2,"50":1,"51":1,"52":1,"53":1,"54":1},"b":{"1":[2,1,1,1],"2":[1,1,1,1],"3":[1,1],"4":[1,1],"5":[1,1],"6":[1,1],"7":[1,1],"8":[1,1],"9":[1,1],"10":[1,1,1],"11":[1,1],"12":[1,1],"13":[1,1],"14":[1,1],"15":[1,1],"16":[1,1],"17":[1,1]},"f":{"1":2,"2":2,"3":2,"4":2,"5":2,"6":1,"7":1,"8":1,"9":2,"10":2,"11":2,"12":2,"13":1},"fnMap":{"1":{"name":"(anonymous_1)","line":12,"loc":{"start":{"line":12,"column":1},"end":{"line":12,"column":13}}},"2":{"name":"(anonymous_2)","line":19,"loc":{"start":{"line":19,"column":5},"end":{"line":19,"column":17}}},"3":{"name":"(anonymous_3)","line":23,"loc":{"start":{"line":23,"column":24},"end":{"line":23,"column":36}}},"4":{"name":"(anonymous_4)","line":61,"loc":{"start":{"line":61,"column":5},"end":{"line":61,"column":17}}},"5":{"name":"(anonymous_5)","line":82,"loc":{"start":{"line":82,"column":5},"end":{"line":82,"column":17}}},"6":{"name":"(anonymous_6)","line":91,"loc":{"start":{"line":91,"column":77},"end":{"line":94,"column":10}}},"7":{"name":"(anonymous_7)","line":112,"loc":{"start":{"line":112,"column":83},"end":{"line":115,"column":10}},"skip":true},"8":{"name":"(anonymous_8)","line":123,"loc":{"start":{"line":123,"column":77},"end":{"line":126,"column":10}},"skip":true},"9":{"name":"(anonymous_9)","line":139,"loc":{"start":{"line":139,"column":12},"end":{"line":139,"column":40}},"skip":true},"10":{"name":"(anonymous_10)","line":147,"loc":{"start":{"line":147,"column":77},"end":{"line":150,"column":10}},"skip":true},"11":{"name":"(anonymous_11)","line":158,"loc":{"start":{"line":158,"column":83},"end":{"line":161,"column":10}},"skip":true},"12":{"name":"(anonymous_12)","line":169,"loc":{"start":{"line":169,"column":79},"end":{"line":172,"column":10}},"skip":true},"13":{"name":"(anonymous_13)","line":180,"loc":{"start":{"line":180,"column":75},"end":{"line":183,"column":10}},"skip":true}},"statementMap":{"1":{"start":{"line":12,"column":0},"end":{"line":195,"column":5}},"2":{"start":{"line":14,"column":4},"end":{"line":14,"column":14}},"3":{"start":{"line":19,"column":4},"end":{"line":56,"column":9}},"4":{"start":{"line":21,"column":8},"end":{"line":21,"column":19}},"5":{"start":{"line":23,"column":8},"end":{"line":35,"column":13}},"6":{"start":{"line":24,"column":12},"end":{"line":34,"column":13}},"7":{"start":{"line":25,"column":16},"end":{"line":28,"column":30}},"8":{"start":{"line":30,"column":16},"end":{"line":33,"column":27}},"9":{"start":{"line":37,"column":8},"end":{"line":39,"column":21}},"10":{"start":{"line":40,"column":8},"end":{"line":53,"column":9}},"11":{"start":{"line":43,"column":12},"end":{"line":46,"column":14}},"12":{"start":{"line":47,"column":12},"end":{"line":47,"column":18}},"13":{"start":{"line":50,"column":12},"end":{"line":51,"column":46}},"14":{"start":{"line":52,"column":12},"end":{"line":52,"column":18}},"15":{"start":{"line":55,"column":8},"end":{"line":55,"column":35}},"16":{"start":{"line":61,"column":4},"end":{"line":63,"column":9}},"17":{"start":{"line":62,"column":8},"end":{"line":62,"column":15}},"18":{"start":{"line":64,"column":4},"end":{"line":77,"column":5}},"19":{"start":{"line":70,"column":8},"end":{"line":70,"column":14}},"20":{"start":{"line":76,"column":8},"end":{"line":76,"column":14}},"21":{"start":{"line":82,"column":4},"end":{"line":84,"column":9}},"22":{"start":{"line":83,"column":8},"end":{"line":83,"column":15}},"23":{"start":{"line":85,"column":4},"end":{"line":194,"column":5}},"24":{"start":{"line":91,"column":8},"end":{"line":99,"column":10}},"25":{"start":{"line":98,"column":12},"end":{"line":98,"column":35}},"26":{"start":{"line":102,"column":8},"end":{"line":104,"column":63}},"27":{"start":{"line":105,"column":8},"end":{"line":105,"column":14}},"28":{"start":{"line":112,"column":8},"end":{"line":121,"column":10},"skip":true},"29":{"start":{"line":119,"column":12},"end":{"line":119,"column":55},"skip":true},"30":{"start":{"line":120,"column":12},"end":{"line":120,"column":48},"skip":true},"31":{"start":{"line":123,"column":8},"end":{"line":136,"column":10},"skip":true},"32":{"start":{"line":130,"column":12},"end":{"line":130,"column":76},"skip":true},"33":{"start":{"line":131,"column":12},"end":{"line":131,"column":73},"skip":true},"34":{"start":{"line":132,"column":12},"end":{"line":132,"column":74},"skip":true},"35":{"start":{"line":133,"column":12},"end":{"line":133,"column":79},"skip":true},"36":{"start":{"line":134,"column":12},"end":{"line":134,"column":25},"skip":true},"37":{"start":{"line":135,"column":12},"end":{"line":135,"column":45},"skip":true},"38":{"start":{"line":138,"column":8},"end":{"line":145,"column":14},"skip":true},"39":{"start":{"line":143,"column":16},"end":{"line":143,"column":29},"skip":true},"40":{"start":{"line":144,"column":16},"end":{"line":144,"column":55},"skip":true},"41":{"start":{"line":147,"column":8},"end":{"line":156,"column":10},"skip":true},"42":{"start":{"line":154,"column":12},"end":{"line":154,"column":25},"skip":true},"43":{"start":{"line":155,"column":12},"end":{"line":155,"column":45},"skip":true},"44":{"start":{"line":158,"column":8},"end":{"line":167,"column":10},"skip":true},"45":{"start":{"line":165,"column":12},"end":{"line":165,"column":25},"skip":true},"46":{"start":{"line":166,"column":12},"end":{"line":166,"column":48},"skip":true},"47":{"start":{"line":169,"column":8},"end":{"line":178,"column":10},"skip":true},"48":{"start":{"line":176,"column":12},"end":{"line":176,"column":25},"skip":true},"49":{"start":{"line":177,"column":12},"end":{"line":177,"column":46},"skip":true},"50":{"start":{"line":180,"column":8},"end":{"line":189,"column":10},"skip":true},"51":{"start":{"line":187,"column":12},"end":{"line":187,"column":94},"skip":true},"52":{"start":{"line":188,"column":12},"end":{"line":188,"column":48},"skip":true},"53":{"start":{"line":192,"column":8},"end":{"line":192,"column":35},"skip":true},"54":{"start":{"line":193,"column":8},"end":{"line":193,"column":14},"skip":true}},"branchMap":{"1":{"line":25,"type":"binary-expr","locations":[{"start":{"line":25,"column":23},"end":{"line":25,"column":62}},{"start":{"line":26,"column":20},"end":{"line":26,"column":70}},{"start":{"line":27,"column":20},"end":{"line":27,"column":71}},{"start":{"line":28,"column":20},"end":{"line":28,"column":29}}]},"2":{"line":30,"type":"binary-expr","locations":[{"start":{"line":30,"column":23},"end":{"line":30,"column":37}},{"start":{"line":31,"column":20},"end":{"line":31,"column":61}},{"start":{"line":32,"column":20},"end":{"line":32,"column":70}},{"start":{"line":33,"column":20},"end":{"line":33,"column":26}}]},"3":{"line":37,"type":"cond-expr","locations":[{"start":{"line":38,"column":14},"end":{"line":38,"column":20}},{"start":{"line":39,"column":14},"end":{"line":39,"column":20}}]},"4":{"line":40,"type":"switch","locations":[{"start":{"line":42,"column":8},"end":{"line":47,"column":18}},{"start":{"line":49,"column":8},"end":{"line":52,"column":18}}]},"5":{"line":44,"type":"binary-expr","locations":[{"start":{"line":44,"column":16},"end":{"line":44,"column":44}},{"start":{"line":44,"column":48},"end":{"line":44,"column":66}}]},"6":{"line":50,"type":"binary-expr","locations":[{"start":{"line":50,"column":21},"end":{"line":50,"column":49}},{"start":{"line":50,"column":53},"end":{"line":50,"column":72}}]},"7":{"line":64,"type":"switch","locations":[{"start":{"line":69,"column":4},"end":{"line":70,"column":14}},{"start":{"line":75,"column":4},"end":{"line":76,"column":14}}]},"8":{"line":85,"type":"switch","locations":[{"start":{"line":90,"column":4},"end":{"line":105,"column":14}},{"start":{"line":111,"column":4},"end":{"line":193,"column":14},"skip":true}]},"9":{"line":91,"type":"binary-expr","locations":[{"start":{"line":91,"column":42},"end":{"line":91,"column":73}},{"start":{"line":91,"column":77},"end":{"line":99,"column":9}}]},"10":{"line":102,"type":"binary-expr","locations":[{"start":{"line":102,"column":18},"end":{"line":102,"column":32}},{"start":{"line":103,"column":12},"end":{"line":103,"column":53}},{"start":{"line":104,"column":12},"end":{"line":104,"column":61}}]},"11":{"line":112,"type":"binary-expr","locations":[{"start":{"line":112,"column":45},"end":{"line":112,"column":79},"skip":true},{"start":{"line":112,"column":83},"end":{"line":121,"column":9},"skip":true}]},"12":{"line":123,"type":"binary-expr","locations":[{"start":{"line":123,"column":42},"end":{"line":123,"column":73},"skip":true},{"start":{"line":123,"column":77},"end":{"line":136,"column":9},"skip":true}]},"13":{"line":138,"type":"binary-expr","locations":[{"start":{"line":138,"column":48},"end":{"line":138,"column":85},"skip":true},{"start":{"line":139,"column":12},"end":{"line":145,"column":13},"skip":true}]},"14":{"line":147,"type":"binary-expr","locations":[{"start":{"line":147,"column":42},"end":{"line":147,"column":73},"skip":true},{"start":{"line":147,"column":77},"end":{"line":156,"column":9},"skip":true}]},"15":{"line":158,"type":"binary-expr","locations":[{"start":{"line":158,"column":45},"end":{"line":158,"column":79},"skip":true},{"start":{"line":158,"column":83},"end":{"line":167,"column":9},"skip":true}]},"16":{"line":169,"type":"binary-expr","locations":[{"start":{"line":169,"column":43},"end":{"line":169,"column":75},"skip":true},{"start":{"line":169,"column":79},"end":{"line":178,"column":9},"skip":true}]},"17":{"line":180,"type":"binary-expr","locations":[{"start":{"line":180,"column":41},"end":{"line":180,"column":71},"skip":true},{"start":{"line":180,"column":75},"end":{"line":189,"column":9},"skip":true}]}},"code":["/* istanbul instrument in package npmtest_elasticsearch_odm */","/*jslint","    bitwise: true,","    browser: true,","    maxerr: 8,","    maxlen: 96,","    node: true,","    nomen: true,","    regexp: true,","    stupid: true","*/","(function () {","    'use strict';","    var local;","","","","    // run shared js-env code - pre-init","    (function () {","        // init local","        local = {};","        // init modeJs","        local.modeJs = (function () {","            try {","                return typeof navigator.userAgent === 'string' &&","                    typeof document.querySelector('body') === 'object' &&","                    typeof XMLHttpRequest.prototype.open === 'function' &&","                    'browser';","            } catch (errorCaughtBrowser) {","                return module.exports &&","                    typeof process.versions.node === 'string' &&","                    typeof require('http').createServer === 'function' &&","                    'node';","            }","        }());","        // init global","        local.global = local.modeJs === 'browser'","            ? window","            : global;","        switch (local.modeJs) {","        // re-init local from window.local","        case 'browser':","            local = local.global.utility2.objectSetDefault(","                local.global.utility2_rollup || local.global.local,","                local.global.utility2","            );","            break;","        // re-init local from example.js","        case 'node':","            local = (local.global.utility2_rollup || require('utility2'))","                .requireExampleJsFromReadme();","            break;","        }","        // export local","        local.global.local = local;","    }());","","","","    // run shared js-env code - function","    (function () {","        return;","    }());","    switch (local.modeJs) {","","","","    // run browser js-env code - function","    case 'browser':","        break;","","","","    // run node js-env code - function","    case 'node':","        break;","    }","","","","    // run shared js-env code - post-init","    (function () {","        return;","    }());","    switch (local.modeJs) {","","","","    // run browser js-env code - post-init","    case 'browser':","        local.testCase_browser_nullCase = local.testCase_browser_nullCase || function (","            options,","            onError","        ) {","        /*","         * this function will test browsers's null-case handling-behavior-behavior","         */","            onError(null, options);","        };","","        // run tests","        local.nop(local.modeTest &&","            document.querySelector('#testRunButton1') &&","            document.querySelector('#testRunButton1').click());","        break;","","","","    // run node js-env code - post-init","    /* istanbul ignore next */","    case 'node':","        local.testCase_buildApidoc_default = local.testCase_buildApidoc_default || function (","            options,","            onError","        ) {","        /*","         * this function will test buildApidoc's default handling-behavior-behavior","         */","            options = { modulePathList: module.paths };","            local.buildApidoc(options, onError);","        };","","        local.testCase_buildApp_default = local.testCase_buildApp_default || function (","            options,","            onError","        ) {","        /*","         * this function will test buildApp's default handling-behavior-behavior","         */","            local.testCase_buildReadme_default(options, local.onErrorThrow);","            local.testCase_buildLib_default(options, local.onErrorThrow);","            local.testCase_buildTest_default(options, local.onErrorThrow);","            local.testCase_buildCustomOrg_default(options, local.onErrorThrow);","            options = [];","            local.buildApp(options, onError);","        };","","        local.testCase_buildCustomOrg_default = local.testCase_buildCustomOrg_default ||","            function (options, onError) {","            /*","             * this function will test buildCustomOrg's default handling-behavior","             */","                options = {};","                local.buildCustomOrg(options, onError);","            };","","        local.testCase_buildLib_default = local.testCase_buildLib_default || function (","            options,","            onError","        ) {","        /*","         * this function will test buildLib's default handling-behavior","         */","            options = {};","            local.buildLib(options, onError);","        };","","        local.testCase_buildReadme_default = local.testCase_buildReadme_default || function (","            options,","            onError","        ) {","        /*","         * this function will test buildReadme's default handling-behavior-behavior","         */","            options = {};","            local.buildReadme(options, onError);","        };","","        local.testCase_buildTest_default = local.testCase_buildTest_default || function (","            options,","            onError","        ) {","        /*","         * this function will test buildTest's default handling-behavior","         */","            options = {};","            local.buildTest(options, onError);","        };","","        local.testCase_webpage_default = local.testCase_webpage_default || function (","            options,","            onError","        ) {","        /*","         * this function will test webpage's default handling-behavior","         */","            options = { modeCoverageMerge: true, url: local.serverLocalHost + '?modeTest=1' };","            local.browserTest(options, onError);","        };","","        // run test-server","        local.testRunServer(local);","        break;","    }","}());",""],"l":{"12":2,"14":2,"19":2,"21":2,"23":2,"24":2,"25":2,"30":1,"37":2,"40":2,"43":1,"47":1,"50":1,"52":1,"55":2,"61":2,"62":2,"64":2,"70":1,"76":1,"82":2,"83":2,"85":2,"91":1,"98":1,"102":1,"105":1,"112":1,"119":1,"120":1,"123":1,"130":1,"131":1,"132":1,"133":1,"134":1,"135":1,"138":1,"143":2,"144":2,"147":1,"154":2,"155":2,"158":1,"165":2,"166":2,"169":1,"176":2,"177":2,"180":1,"187":1,"188":1,"192":1,"193":1}},"/home/travis/build/npmtest/node-npmtest-elasticsearch-odm/lib.npmtest_elasticsearch_odm.js":{"path":"/home/travis/build/npmtest/node-npmtest-elasticsearch-odm/lib.npmtest_elasticsearch_odm.js","s":{"1":2,"2":2,"3":2,"4":2,"5":2,"6":2,"7":2,"8":1,"9":2,"10":2,"11":2,"12":2,"13":1,"14":1,"15":1,"16":1},"b":{"1":[2,1,1,1],"2":[1,1,1,1],"3":[1,1],"4":[2,2],"5":[1,1]},"f":{"1":2,"2":2,"3":2},"fnMap":{"1":{"name":"(anonymous_1)","line":12,"loc":{"start":{"line":12,"column":1},"end":{"line":12,"column":13}}},"2":{"name":"(anonymous_2)","line":19,"loc":{"start":{"line":19,"column":5},"end":{"line":19,"column":17}}},"3":{"name":"(anonymous_3)","line":23,"loc":{"start":{"line":23,"column":24},"end":{"line":23,"column":36}}}},"statementMap":{"1":{"start":{"line":12,"column":0},"end":{"line":53,"column":5}},"2":{"start":{"line":14,"column":4},"end":{"line":14,"column":14}},"3":{"start":{"line":19,"column":4},"end":{"line":52,"column":9}},"4":{"start":{"line":21,"column":8},"end":{"line":21,"column":19}},"5":{"start":{"line":23,"column":8},"end":{"line":35,"column":13}},"6":{"start":{"line":24,"column":12},"end":{"line":34,"column":13}},"7":{"start":{"line":25,"column":16},"end":{"line":28,"column":30}},"8":{"start":{"line":30,"column":16},"end":{"line":33,"column":27}},"9":{"start":{"line":37,"column":8},"end":{"line":39,"column":21}},"10":{"start":{"line":41,"column":8},"end":{"line":41,"column":54}},"11":{"start":{"line":43,"column":8},"end":{"line":43,"column":62}},"12":{"start":{"line":45,"column":8},"end":{"line":51,"column":9}},"13":{"start":{"line":46,"column":12},"end":{"line":46,"column":68}},"14":{"start":{"line":48,"column":12},"end":{"line":48,"column":35}},"15":{"start":{"line":49,"column":12},"end":{"line":49,"column":49}},"16":{"start":{"line":50,"column":12},"end":{"line":50,"column":43}}},"branchMap":{"1":{"line":25,"type":"binary-expr","locations":[{"start":{"line":25,"column":23},"end":{"line":25,"column":62}},{"start":{"line":26,"column":20},"end":{"line":26,"column":70}},{"start":{"line":27,"column":20},"end":{"line":27,"column":71}},{"start":{"line":28,"column":20},"end":{"line":28,"column":29}}]},"2":{"line":30,"type":"binary-expr","locations":[{"start":{"line":30,"column":23},"end":{"line":30,"column":37}},{"start":{"line":31,"column":20},"end":{"line":31,"column":61}},{"start":{"line":32,"column":20},"end":{"line":32,"column":70}},{"start":{"line":33,"column":20},"end":{"line":33,"column":26}}]},"3":{"line":37,"type":"cond-expr","locations":[{"start":{"line":38,"column":14},"end":{"line":38,"column":20}},{"start":{"line":39,"column":14},"end":{"line":39,"column":20}}]},"4":{"line":41,"type":"binary-expr","locations":[{"start":{"line":41,"column":16},"end":{"line":41,"column":44}},{"start":{"line":41,"column":48},"end":{"line":41,"column":53}}]},"5":{"line":45,"type":"if","locations":[{"start":{"line":45,"column":8},"end":{"line":45,"column":8}},{"start":{"line":45,"column":8},"end":{"line":45,"column":8}}]}},"code":["/* istanbul instrument in package npmtest_elasticsearch_odm */","/*jslint","    bitwise: true,","    browser: true,","    maxerr: 8,","    maxlen: 96,","    node: true,","    nomen: true,","    regexp: true,","    stupid: true","*/","(function () {","    'use strict';","    var local;","","","","    // run shared js-env code - pre-init","    (function () {","        // init local","        local = {};","        // init modeJs","        local.modeJs = (function () {","            try {","                return typeof navigator.userAgent === 'string' &&","                    typeof document.querySelector('body') === 'object' &&","                    typeof XMLHttpRequest.prototype.open === 'function' &&","                    'browser';","            } catch (errorCaughtBrowser) {","                return module.exports &&","                    typeof process.versions.node === 'string' &&","                    typeof require('http').createServer === 'function' &&","                    'node';","            }","        }());","        // init global","        local.global = local.modeJs === 'browser'","            ? window","            : global;","        // init utility2_rollup","        local = local.global.utility2_rollup || local;","        // init lib","        local.local = local.npmtest_elasticsearch_odm = local;","        // init exports","        if (local.modeJs === 'browser') {","            local.global.utility2_npmtest_elasticsearch_odm = local;","        } else {","            module.exports = local;","            module.exports.__dirname = __dirname;","            module.exports.module = module;","        }","    }());","}());",""],"l":{"12":2,"14":2,"19":2,"21":2,"23":2,"24":2,"25":2,"30":1,"37":2,"41":2,"43":2,"45":2,"46":1,"48":1,"49":1,"50":1}},"/home/travis/build/npmtest/node-npmtest-elasticsearch-odm/example.js":{"path":"/home/travis/build/npmtest/node-npmtest-elasticsearch-odm/example.js","s":{"1":2,"2":2,"3":2,"4":2,"5":2,"6":2,"7":2,"8":1,"9":2,"10":2,"11":2,"12":2,"13":1,"14":2,"15":2,"16":2,"17":2,"18":2,"19":0,"20":2,"21":1,"22":1,"23":1,"24":1,"25":1,"26":0,"27":0,"28":1,"29":1,"30":2,"31":0,"32":0,"33":0,"34":1,"35":2,"36":2,"37":3,"38":3,"39":3,"40":3,"41":0,"42":3,"43":3,"44":3,"45":1,"46":3,"47":1,"48":1,"49":1,"50":1,"51":1,"52":1,"53":1,"54":1,"55":1,"56":1,"57":0,"58":1,"59":6,"60":6,"61":1,"62":2,"63":0,"64":2,"65":1,"66":1,"67":0,"68":0,"69":0,"70":0,"71":0,"72":0,"73":0,"74":0,"75":0,"76":0,"77":0,"78":0,"79":0,"80":0,"81":0,"82":0,"83":0},"b":{"1":[2,1,1,1],"2":[1,1,1,1],"3":[1,1],"4":[2,2],"5":[1,1],"6":[1,1],"7":[2,0],"8":[2,1,1,1,1,1],"9":[0,2,0],"10":[1,1],"11":[2,1,1],"12":[1,0],"13":[0,2],"14":[2,0,0,0,0,0,0],"15":[0,3],"16":[3,0],"17":[1,1],"18":[0,1],"19":[1,2,0,2],"20":[1,0],"21":[1,1],"22":[0,0],"23":[0,0],"24":[0,0],"25":[0,0],"26":[0,0],"27":[0,0],"28":[0,0]},"f":{"1":2,"2":2,"3":2,"4":2,"5":2,"6":2,"7":3,"8":3,"9":3,"10":1,"11":6,"12":0},"fnMap":{"1":{"name":"(anonymous_1)","line":26,"loc":{"start":{"line":26,"column":1},"end":{"line":26,"column":13}}},"2":{"name":"(anonymous_2)","line":33,"loc":{"start":{"line":33,"column":5},"end":{"line":33,"column":17}}},"3":{"name":"(anonymous_3)","line":37,"loc":{"start":{"line":37,"column":24},"end":{"line":37,"column":36}}},"4":{"name":"(anonymous_4)","line":69,"loc":{"start":{"line":69,"column":31},"end":{"line":69,"column":48}},"skip":true},"5":{"name":"(anonymous_5)","line":78,"loc":{"start":{"line":78,"column":26},"end":{"line":78,"column":45}},"skip":true},"6":{"name":"(anonymous_6)","line":123,"loc":{"start":{"line":123,"column":33},"end":{"line":123,"column":48}},"skip":true},"7":{"name":"(anonymous_7)","line":125,"loc":{"start":{"line":125,"column":27},"end":{"line":125,"column":39}},"skip":true},"8":{"name":"(anonymous_8)","line":133,"loc":{"start":{"line":133,"column":59},"end":{"line":133,"column":74}},"skip":true},"9":{"name":"(anonymous_9)","line":143,"loc":{"start":{"line":143,"column":45},"end":{"line":143,"column":62}},"skip":true},"10":{"name":"(anonymous_10)","line":144,"loc":{"start":{"line":144,"column":73},"end":{"line":144,"column":92}},"skip":true},"11":{"name":"(anonymous_11)","line":272,"loc":{"start":{"line":272,"column":51},"end":{"line":272,"column":77}},"skip":true},"12":{"name":"(anonymous_12)","line":315,"loc":{"start":{"line":315,"column":32},"end":{"line":315,"column":61}},"skip":true}},"statementMap":{"1":{"start":{"line":26,"column":0},"end":{"line":326,"column":5}},"2":{"start":{"line":28,"column":4},"end":{"line":28,"column":14}},"3":{"start":{"line":33,"column":4},"end":{"line":60,"column":9}},"4":{"start":{"line":35,"column":8},"end":{"line":35,"column":19}},"5":{"start":{"line":37,"column":8},"end":{"line":49,"column":13}},"6":{"start":{"line":38,"column":12},"end":{"line":48,"column":13}},"7":{"start":{"line":39,"column":16},"end":{"line":42,"column":30}},"8":{"start":{"line":44,"column":16},"end":{"line":47,"column":27}},"9":{"start":{"line":51,"column":8},"end":{"line":53,"column":21}},"10":{"start":{"line":55,"column":8},"end":{"line":57,"column":45}},"11":{"start":{"line":59,"column":8},"end":{"line":59,"column":35}},"12":{"start":{"line":61,"column":4},"end":{"line":325,"column":5}},"13":{"start":{"line":69,"column":8},"end":{"line":121,"column":10},"skip":true},"14":{"start":{"line":70,"column":12},"end":{"line":88,"column":13},"skip":true},"15":{"start":{"line":76,"column":16},"end":{"line":87,"column":19},"skip":true},"16":{"start":{"line":79,"column":20},"end":{"line":86,"column":21},"skip":true},"17":{"start":{"line":82,"column":24},"end":{"line":82,"column":43},"skip":true},"18":{"start":{"line":83,"column":24},"end":{"line":83,"column":30},"skip":true},"19":{"start":{"line":85,"column":24},"end":{"line":85,"column":49},"skip":true},"20":{"start":{"line":89,"column":12},"end":{"line":107,"column":13},"skip":true},"21":{"start":{"line":92,"column":16},"end":{"line":102,"column":17},"skip":true},"22":{"start":{"line":93,"column":20},"end":{"line":93,"column":86},"skip":true},"23":{"start":{"line":94,"column":20},"end":{"line":95,"column":45},"skip":true},"24":{"start":{"line":96,"column":20},"end":{"line":96,"column":42},"skip":true},"25":{"start":{"line":97,"column":20},"end":{"line":97,"column":48},"skip":true},"26":{"start":{"line":100,"column":20},"end":{"line":100,"column":85},"skip":true},"27":{"start":{"line":101,"column":20},"end":{"line":101,"column":96},"skip":true},"28":{"start":{"line":103,"column":16},"end":{"line":103,"column":22},"skip":true},"29":{"start":{"line":106,"column":16},"end":{"line":106,"column":22},"skip":true},"30":{"start":{"line":108,"column":12},"end":{"line":120,"column":13},"skip":true},"31":{"start":{"line":114,"column":16},"end":{"line":119,"column":17},"skip":true},"32":{"start":{"line":116,"column":20},"end":{"line":116,"column":78},"skip":true},"33":{"start":{"line":118,"column":20},"end":{"line":118,"column":47},"skip":true},"34":{"start":{"line":123,"column":8},"end":{"line":141,"column":11},"skip":true},"35":{"start":{"line":124,"column":12},"end":{"line":124,"column":54},"skip":true},"36":{"start":{"line":125,"column":12},"end":{"line":140,"column":14},"skip":true},"37":{"start":{"line":126,"column":16},"end":{"line":126,"column":28},"skip":true},"38":{"start":{"line":127,"column":16},"end":{"line":127,"column":69},"skip":true},"39":{"start":{"line":128,"column":16},"end":{"line":128,"column":75},"skip":true},"40":{"start":{"line":129,"column":16},"end":{"line":131,"column":17},"skip":true},"41":{"start":{"line":130,"column":20},"end":{"line":130,"column":27},"skip":true},"42":{"start":{"line":133,"column":16},"end":{"line":137,"column":36},"skip":true},"43":{"start":{"line":134,"column":20},"end":{"line":136,"column":55},"skip":true},"44":{"start":{"line":139,"column":16},"end":{"line":139,"column":57},"skip":true},"45":{"start":{"line":143,"column":8},"end":{"line":147,"column":11},"skip":true},"46":{"start":{"line":144,"column":12},"end":{"line":146,"column":15},"skip":true},"47":{"start":{"line":145,"column":16},"end":{"line":145,"column":70},"skip":true},"48":{"start":{"line":149,"column":8},"end":{"line":149,"column":31},"skip":true},"49":{"start":{"line":150,"column":8},"end":{"line":150,"column":14},"skip":true},"50":{"start":{"line":158,"column":8},"end":{"line":158,"column":31},"skip":true},"51":{"start":{"line":160,"column":8},"end":{"line":160,"column":33},"skip":true},"52":{"start":{"line":161,"column":8},"end":{"line":161,"column":37},"skip":true},"53":{"start":{"line":162,"column":8},"end":{"line":162,"column":35},"skip":true},"54":{"start":{"line":164,"column":8},"end":{"line":164,"column":50},"skip":true},"55":{"start":{"line":166,"column":8},"end":{"line":256,"column":2},"skip":true},"56":{"start":{"line":258,"column":8},"end":{"line":286,"column":9},"skip":true},"57":{"start":{"line":259,"column":12},"end":{"line":269,"column":14},"skip":true},"58":{"start":{"line":271,"column":12},"end":{"line":285,"column":19},"skip":true},"59":{"start":{"line":274,"column":20},"end":{"line":274,"column":35},"skip":true},"60":{"start":{"line":275,"column":20},"end":{"line":284,"column":21},"skip":true},"61":{"start":{"line":277,"column":24},"end":{"line":277,"column":64},"skip":true},"62":{"start":{"line":279,"column":24},"end":{"line":279,"column":40},"skip":true},"63":{"start":{"line":281,"column":24},"end":{"line":281,"column":40},"skip":true},"64":{"start":{"line":283,"column":24},"end":{"line":283,"column":39},"skip":true},"65":{"start":{"line":288,"column":8},"end":{"line":290,"column":9},"skip":true},"66":{"start":{"line":289,"column":12},"end":{"line":289,"column":18},"skip":true},"67":{"start":{"line":291,"column":8},"end":{"line":293,"column":54},"skip":true},"68":{"start":{"line":296,"column":8},"end":{"line":301,"column":37},"skip":true},"69":{"start":{"line":303,"column":8},"end":{"line":303,"column":82},"skip":true},"70":{"start":{"line":306,"column":8},"end":{"line":308,"column":9},"skip":true},"71":{"start":{"line":307,"column":12},"end":{"line":307,"column":82},"skip":true},"72":{"start":{"line":310,"column":8},"end":{"line":312,"column":9},"skip":true},"73":{"start":{"line":311,"column":12},"end":{"line":311,"column":18},"skip":true},"74":{"start":{"line":313,"column":8},"end":{"line":313,"column":54},"skip":true},"75":{"start":{"line":314,"column":8},"end":{"line":314,"column":69},"skip":true},"76":{"start":{"line":315,"column":8},"end":{"line":323,"column":36},"skip":true},"77":{"start":{"line":316,"column":12},"end":{"line":316,"column":61},"skip":true},"78":{"start":{"line":317,"column":12},"end":{"line":320,"column":13},"skip":true},"79":{"start":{"line":318,"column":16},"end":{"line":318,"column":75},"skip":true},"80":{"start":{"line":319,"column":16},"end":{"line":319,"column":23},"skip":true},"81":{"start":{"line":321,"column":12},"end":{"line":321,"column":38},"skip":true},"82":{"start":{"line":322,"column":12},"end":{"line":322,"column":27},"skip":true},"83":{"start":{"line":324,"column":8},"end":{"line":324,"column":14},"skip":true}},"branchMap":{"1":{"line":39,"type":"binary-expr","locations":[{"start":{"line":39,"column":23},"end":{"line":39,"column":62}},{"start":{"line":40,"column":20},"end":{"line":40,"column":70}},{"start":{"line":41,"column":20},"end":{"line":41,"column":71}},{"start":{"line":42,"column":20},"end":{"line":42,"column":29}}]},"2":{"line":44,"type":"binary-expr","locations":[{"start":{"line":44,"column":23},"end":{"line":44,"column":37}},{"start":{"line":45,"column":20},"end":{"line":45,"column":61}},{"start":{"line":46,"column":20},"end":{"line":46,"column":70}},{"start":{"line":47,"column":20},"end":{"line":47,"column":26}}]},"3":{"line":51,"type":"cond-expr","locations":[{"start":{"line":52,"column":14},"end":{"line":52,"column":20}},{"start":{"line":53,"column":14},"end":{"line":53,"column":20}}]},"4":{"line":55,"type":"binary-expr","locations":[{"start":{"line":55,"column":16},"end":{"line":55,"column":44}},{"start":{"line":55,"column":49},"end":{"line":57,"column":43}}]},"5":{"line":55,"type":"cond-expr","locations":[{"start":{"line":56,"column":14},"end":{"line":56,"column":61}},{"start":{"line":57,"column":14},"end":{"line":57,"column":43}}]},"6":{"line":61,"type":"switch","locations":[{"start":{"line":68,"column":4},"end":{"line":150,"column":14},"skip":true},{"start":{"line":156,"column":4},"end":{"line":324,"column":14},"skip":true}]},"7":{"line":70,"type":"if","locations":[{"start":{"line":70,"column":12},"end":{"line":70,"column":12},"skip":true},{"start":{"line":70,"column":12},"end":{"line":70,"column":12},"skip":true}]},"8":{"line":70,"type":"binary-expr","locations":[{"start":{"line":70,"column":16},"end":{"line":70,"column":22},"skip":true},{"start":{"line":70,"column":27},"end":{"line":70,"column":32},"skip":true},{"start":{"line":71,"column":20},"end":{"line":71,"column":39},"skip":true},{"start":{"line":72,"column":20},"end":{"line":72,"column":49},"skip":true},{"start":{"line":73,"column":20},"end":{"line":73,"column":58},"skip":true},{"start":{"line":74,"column":20},"end":{"line":74,"column":69},"skip":true}]},"9":{"line":79,"type":"switch","locations":[{"start":{"line":80,"column":20},"end":{"line":80,"column":33},"skip":true},{"start":{"line":81,"column":20},"end":{"line":83,"column":30},"skip":true},{"start":{"line":84,"column":20},"end":{"line":85,"column":49},"skip":true}]},"10":{"line":89,"type":"switch","locations":[{"start":{"line":90,"column":12},"end":{"line":103,"column":22},"skip":true},{"start":{"line":105,"column":12},"end":{"line":106,"column":22},"skip":true}]},"11":{"line":89,"type":"binary-expr","locations":[{"start":{"line":89,"column":20},"end":{"line":89,"column":25},"skip":true},{"start":{"line":89,"column":29},"end":{"line":89,"column":48},"skip":true},{"start":{"line":89,"column":52},"end":{"line":89,"column":74},"skip":true}]},"12":{"line":92,"type":"if","locations":[{"start":{"line":92,"column":16},"end":{"line":92,"column":16},"skip":true},{"start":{"line":92,"column":16},"end":{"line":92,"column":16},"skip":true}]},"13":{"line":108,"type":"if","locations":[{"start":{"line":108,"column":12},"end":{"line":108,"column":12},"skip":true},{"start":{"line":108,"column":12},"end":{"line":108,"column":12},"skip":true}]},"14":{"line":108,"type":"binary-expr","locations":[{"start":{"line":108,"column":16},"end":{"line":108,"column":61},"skip":true},{"start":{"line":108,"column":66},"end":{"line":108,"column":72},"skip":true},{"start":{"line":108,"column":77},"end":{"line":108,"column":82},"skip":true},{"start":{"line":109,"column":20},"end":{"line":109,"column":39},"skip":true},{"start":{"line":110,"column":20},"end":{"line":110,"column":49},"skip":true},{"start":{"line":111,"column":20},"end":{"line":111,"column":58},"skip":true},{"start":{"line":112,"column":20},"end":{"line":112,"column":68},"skip":true}]},"15":{"line":129,"type":"if","locations":[{"start":{"line":129,"column":16},"end":{"line":129,"column":16},"skip":true},{"start":{"line":129,"column":16},"end":{"line":129,"column":16},"skip":true}]},"16":{"line":134,"type":"cond-expr","locations":[{"start":{"line":135,"column":26},"end":{"line":135,"column":29},"skip":true},{"start":{"line":136,"column":26},"end":{"line":136,"column":54},"skip":true}]},"17":{"line":164,"type":"binary-expr","locations":[{"start":{"line":164,"column":27},"end":{"line":164,"column":43},"skip":true},{"start":{"line":164,"column":47},"end":{"line":164,"column":49},"skip":true}]},"18":{"line":258,"type":"if","locations":[{"start":{"line":258,"column":8},"end":{"line":258,"column":8},"skip":true},{"start":{"line":258,"column":8},"end":{"line":258,"column":8},"skip":true}]},"19":{"line":275,"type":"switch","locations":[{"start":{"line":276,"column":20},"end":{"line":277,"column":64},"skip":true},{"start":{"line":278,"column":20},"end":{"line":279,"column":40},"skip":true},{"start":{"line":280,"column":20},"end":{"line":281,"column":40},"skip":true},{"start":{"line":282,"column":20},"end":{"line":283,"column":39},"skip":true}]},"20":{"line":288,"type":"if","locations":[{"start":{"line":288,"column":8},"end":{"line":288,"column":8},"skip":true},{"start":{"line":288,"column":8},"end":{"line":288,"column":8},"skip":true}]},"21":{"line":288,"type":"binary-expr","locations":[{"start":{"line":288,"column":12},"end":{"line":288,"column":40},"skip":true},{"start":{"line":288,"column":44},"end":{"line":288,"column":67},"skip":true}]},"22":{"line":292,"type":"binary-expr","locations":[{"start":{"line":292,"column":12},"end":{"line":292,"column":50},"skip":true},{"start":{"line":293,"column":12},"end":{"line":293,"column":53},"skip":true}]},"23":{"line":297,"type":"binary-expr","locations":[{"start":{"line":297,"column":12},"end":{"line":297,"column":75},"skip":true},{"start":{"line":298,"column":12},"end":{"line":301,"column":36},"skip":true}]},"24":{"line":303,"type":"binary-expr","locations":[{"start":{"line":303,"column":43},"end":{"line":303,"column":75},"skip":true},{"start":{"line":303,"column":79},"end":{"line":303,"column":81},"skip":true}]},"25":{"line":306,"type":"if","locations":[{"start":{"line":306,"column":8},"end":{"line":306,"column":8},"skip":true},{"start":{"line":306,"column":8},"end":{"line":306,"column":8},"skip":true}]},"26":{"line":310,"type":"if","locations":[{"start":{"line":310,"column":8},"end":{"line":310,"column":8},"skip":true},{"start":{"line":310,"column":8},"end":{"line":310,"column":8},"skip":true}]},"27":{"line":313,"type":"binary-expr","locations":[{"start":{"line":313,"column":27},"end":{"line":313,"column":43},"skip":true},{"start":{"line":313,"column":47},"end":{"line":313,"column":53},"skip":true}]},"28":{"line":317,"type":"if","locations":[{"start":{"line":317,"column":12},"end":{"line":317,"column":12},"skip":true},{"start":{"line":317,"column":12},"end":{"line":317,"column":12},"skip":true}]}},"code":["/*","example.js","","quickstart example","","instruction","    1. save this script as example.js","    2. run the shell command:","        $ npm install npmtest-elasticsearch-odm && PORT=8081 node example.js","    3. play with the browser-demo on http://127.0.0.1:8081","*/","","","","/* istanbul instrument in package npmtest_elasticsearch_odm */","/*jslint","    bitwise: true,","    browser: true,","    maxerr: 8,","    maxlen: 96,","    node: true,","    nomen: true,","    regexp: true,","    stupid: true","*/","(function () {","    'use strict';","    var local;","","","","    // run shared js-env code - pre-init","    (function () {","        // init local","        local = {};","        // init modeJs","        local.modeJs = (function () {","            try {","                return typeof navigator.userAgent === 'string' &&","                    typeof document.querySelector('body') === 'object' &&","                    typeof XMLHttpRequest.prototype.open === 'function' &&","                    'browser';","            } catch (errorCaughtBrowser) {","                return module.exports &&","                    typeof process.versions.node === 'string' &&","                    typeof require('http').createServer === 'function' &&","                    'node';","            }","        }());","        // init global","        local.global = local.modeJs === 'browser'","            ? window","            : global;","        // init utility2_rollup","        local = local.global.utility2_rollup || (local.modeJs === 'browser'","            ? local.global.utility2_npmtest_elasticsearch_odm","            : global.utility2_moduleExports);","        // export local","        local.global.local = local;","    }());","    switch (local.modeJs) {","","","","    // post-init","    // run browser js-env code - post-init","    /* istanbul ignore next */","    case 'browser':","        local.testRunBrowser = function (event) {","            if (!event || (event &&","                    event.currentTarget &&","                    event.currentTarget.className &&","                    event.currentTarget.className.includes &&","                    event.currentTarget.className.includes('onreset'))) {","                // reset output","                Array.from(","                    document.querySelectorAll('body > .resettable')","                ).forEach(function (element) {","                    switch (element.tagName) {","                    case 'INPUT':","                    case 'TEXTAREA':","                        element.value = '';","                        break;","                    default:","                        element.textContent = '';","                    }","                });","            }","            switch (event && event.currentTarget && event.currentTarget.id) {","            case 'testRunButton1':","                // show tests","                if (document.querySelector('#testReportDiv1').style.display === 'none') {","                    document.querySelector('#testReportDiv1').style.display = 'block';","                    document.querySelector('#testRunButton1').textContent =","                        'hide internal test';","                    local.modeTest = true;","                    local.testRunDefault(local);","                // hide tests","                } else {","                    document.querySelector('#testReportDiv1').style.display = 'none';","                    document.querySelector('#testRunButton1').textContent = 'run internal test';","                }","                break;","            // custom-case","            default:","                break;","            }","            if (document.querySelector('#inputTextareaEval1') && (!event || (event &&","                    event.currentTarget &&","                    event.currentTarget.className &&","                    event.currentTarget.className.includes &&","                    event.currentTarget.className.includes('oneval')))) {","                // try to eval input-code","                try {","                    /*jslint evil: true*/","                    eval(document.querySelector('#inputTextareaEval1').value);","                } catch (errorCaught) {","                    console.error(errorCaught);","                }","            }","        };","        // log stderr and stdout to #outputTextareaStdout1","        ['error', 'log'].forEach(function (key) {","            console[key + '_original'] = console[key];","            console[key] = function () {","                var element;","                console[key + '_original'].apply(console, arguments);","                element = document.querySelector('#outputTextareaStdout1');","                if (!element) {","                    return;","                }","                // append text to #outputTextareaStdout1","                element.value += Array.from(arguments).map(function (arg) {","                    return typeof arg === 'string'","                        ? arg","                        : JSON.stringify(arg, null, 4);","                }).join(' ') + '\\n';","                // scroll textarea to bottom","                element.scrollTop = element.scrollHeight;","            };","        });","        // init event-handling","        ['change', 'click', 'keyup'].forEach(function (event) {","            Array.from(document.querySelectorAll('.on' + event)).forEach(function (element) {","                element.addEventListener(event, local.testRunBrowser);","            });","        });","        // run tests","        local.testRunBrowser();","        break;","","","","    // run node js-env code - post-init","    /* istanbul ignore next */","    case 'node':","        // export local","        module.exports = local;","        // require modules","        local.fs = require('fs');","        local.http = require('http');","        local.url = require('url');","        // init assets","        local.assetsDict = local.assetsDict || {};","        /* jslint-ignore-begin */","        local.assetsDict['/assets.index.template.html'] = '\\","<!doctype html>\\n\\","<html lang=\"en\">\\n\\","<head>\\n\\","<meta charset=\"UTF-8\">\\n\\","<meta name=\"viewport\" content=\"width=device-width, initial-scale=1\">\\n\\","<title>{{env.npm_package_name}} (v{{env.npm_package_version}})</title>\\n\\","<style>\\n\\","/*csslint\\n\\","    box-sizing: false,\\n\\","    universal-selector: false\\n\\","*/\\n\\","* {\\n\\","    box-sizing: border-box;\\n\\","}\\n\\","body {\\n\\","    background: #dde;\\n\\","    font-family: Arial, Helvetica, sans-serif;\\n\\","    margin: 2rem;\\n\\","}\\n\\","body > * {\\n\\","    margin-bottom: 1rem;\\n\\","}\\n\\",".utility2FooterDiv {\\n\\","    margin-top: 20px;\\n\\","    text-align: center;\\n\\","}\\n\\","</style>\\n\\","<style>\\n\\","/*csslint\\n\\","*/\\n\\","textarea {\\n\\","    font-family: monospace;\\n\\","    height: 10rem;\\n\\","    width: 100%;\\n\\","}\\n\\","textarea[readonly] {\\n\\","    background: #ddd;\\n\\","}\\n\\","</style>\\n\\","</head>\\n\\","<body>\\n\\","<!-- utility2-comment\\n\\","<div id=\"ajaxProgressDiv1\" style=\"background: #d00; height: 2px; left: 0; margin: 0; padding: 0; position: fixed; top: 0; transition: background 0.5s, width 1.5s; width: 25%;\"></div>\\n\\","utility2-comment -->\\n\\","<h1>\\n\\","<!-- utility2-comment\\n\\","    <a\\n\\","        {{#if env.npm_package_homepage}}\\n\\","        href=\"{{env.npm_package_homepage}}\"\\n\\","        {{/if env.npm_package_homepage}}\\n\\","        target=\"_blank\"\\n\\","    >\\n\\","utility2-comment -->\\n\\","        {{env.npm_package_name}} (v{{env.npm_package_version}})\\n\\","<!-- utility2-comment\\n\\","    </a>\\n\\","utility2-comment -->\\n\\","</h1>\\n\\","<h3>{{env.npm_package_description}}</h3>\\n\\","<!-- utility2-comment\\n\\","<h4><a download href=\"assets.app.js\">download standalone app</a></h4>\\n\\","<button class=\"onclick onreset\" id=\"testRunButton1\">run internal test</button><br>\\n\\","<div id=\"testReportDiv1\" style=\"display: none;\"></div>\\n\\","utility2-comment -->\\n\\","\\n\\","\\n\\","\\n\\","<label>stderr and stdout</label>\\n\\","<textarea class=\"resettable\" id=\"outputTextareaStdout1\" readonly></textarea>\\n\\","<!-- utility2-comment\\n\\","{{#if isRollup}}\\n\\","<script src=\"assets.app.js\"></script>\\n\\","{{#unless isRollup}}\\n\\","utility2-comment -->\\n\\","<script src=\"assets.utility2.rollup.js\"></script>\\n\\","<script src=\"jsonp.utility2._stateInit?callback=window.utility2._stateInit\"></script>\\n\\","<script src=\"assets.npmtest_elasticsearch_odm.rollup.js\"></script>\\n\\","<script src=\"assets.example.js\"></script>\\n\\","<script src=\"assets.test.js\"></script>\\n\\","<!-- utility2-comment\\n\\","{{/if isRollup}}\\n\\","utility2-comment -->\\n\\","<div class=\"utility2FooterDiv\">\\n\\","    [ this app was created with\\n\\","    <a href=\"https://github.com/kaizhu256/node-utility2\" target=\"_blank\">utility2</a>\\n\\","    ]\\n\\","</div>\\n\\","</body>\\n\\","</html>\\n\\","';","        /* jslint-ignore-end */","        if (local.templateRender) {","            local.assetsDict['/'] = local.templateRender(","                local.assetsDict['/assets.index.template.html'],","                {","                    env: local.objectSetDefault(local.env, {","                        npm_package_description: 'the greatest app in the world!',","                        npm_package_name: 'my-app',","                        npm_package_nameAlias: 'my_app',","                        npm_package_version: '0.0.1'","                    })","                }","            );","        } else {","            local.assetsDict['/'] = local.assetsDict['/assets.index.template.html']","                .replace((/\\{\\{env\\.(\\w+?)\\}\\}/g), function (match0, match1) {","                    // jslint-hack","                    String(match0);","                    switch (match1) {","                    case 'npm_package_description':","                        return 'the greatest app in the world!';","                    case 'npm_package_name':","                        return 'my-app';","                    case 'npm_package_nameAlias':","                        return 'my_app';","                    case 'npm_package_version':","                        return '0.0.1';","                    }","                });","        }","        // run the cli","        if (local.global.utility2_rollup || module !== require.main) {","            break;","        }","        local.assetsDict['/assets.example.js'] =","            local.assetsDict['/assets.example.js'] ||","            local.fs.readFileSync(__filename, 'utf8');","        // bug-workaround - long $npm_package_buildCustomOrg","        /* jslint-ignore-begin */","        local.assetsDict['/assets.npmtest_elasticsearch_odm.rollup.js'] =","            local.assetsDict['/assets.npmtest_elasticsearch_odm.rollup.js'] ||","            local.fs.readFileSync(","                local.npmtest_elasticsearch_odm.__dirname + '/lib.npmtest_elasticsearch_odm.js',","                'utf8'","            ).replace((/^#!/), '//');","        /* jslint-ignore-end */","        local.assetsDict['/favicon.ico'] = local.assetsDict['/favicon.ico'] || '';","        // if $npm_config_timeout_exit exists,","        // then exit this process after $npm_config_timeout_exit ms","        if (Number(process.env.npm_config_timeout_exit)) {","            setTimeout(process.exit, Number(process.env.npm_config_timeout_exit));","        }","        // start server","        if (local.global.utility2_serverHttp1) {","            break;","        }","        process.env.PORT = process.env.PORT || '8081';","        console.error('server starting on port ' + process.env.PORT);","        local.http.createServer(function (request, response) {","            request.urlParsed = local.url.parse(request.url);","            if (local.assetsDict[request.urlParsed.pathname] !== undefined) {","                response.end(local.assetsDict[request.urlParsed.pathname]);","                return;","            }","            response.statusCode = 404;","            response.end();","        }).listen(process.env.PORT);","        break;","    }","}());",""],"l":{"26":2,"28":2,"33":2,"35":2,"37":2,"38":2,"39":2,"44":1,"51":2,"55":2,"59":2,"61":2,"69":1,"70":2,"76":2,"79":2,"82":2,"83":2,"85":1,"89":2,"92":1,"93":1,"94":1,"96":1,"97":1,"100":1,"101":1,"103":1,"106":1,"108":2,"114":1,"116":1,"118":1,"123":1,"124":2,"125":2,"126":3,"127":3,"128":3,"129":3,"130":1,"133":3,"134":3,"139":3,"143":1,"144":3,"145":1,"149":1,"150":1,"158":1,"160":1,"161":1,"162":1,"164":1,"166":1,"258":1,"259":1,"271":1,"274":6,"275":6,"277":1,"279":2,"281":1,"283":2,"288":1,"289":1,"291":1,"296":1,"303":1,"306":1,"307":1,"310":1,"311":1,"313":1,"314":1,"315":1,"316":1,"317":1,"318":1,"319":1,"321":1,"322":1,"324":1}},"/home/travis/build/npmtest/node-npmtest-elasticsearch-odm/node_modules/elasticsearch-odm/index.js":{"path":"/home/travis/build/npmtest/node-npmtest-elasticsearch-odm/node_modules/elasticsearch-odm/index.js","s":{"1":1,"2":1,"3":1,"4":1,"5":1,"6":1,"7":1,"8":0,"9":0,"10":0,"11":0,"12":1,"13":0,"14":0,"15":0,"16":0,"17":0,"18":0,"19":0,"20":0,"21":0,"22":0,"23":0,"24":0,"25":0,"26":0,"27":0,"28":0,"29":0,"30":0,"31":0,"32":1,"33":0,"34":1,"35":0,"36":0,"37":0,"38":0,"39":0,"40":0,"41":1,"42":0,"43":0,"44":0,"45":0,"46":0,"47":1,"48":0,"49":0,"50":0,"51":0,"52":0,"53":1,"54":0,"55":0,"56":0,"57":0,"58":0,"59":0,"60":0,"61":0,"62":1,"63":0,"64":0,"65":0,"66":0,"67":0,"68":0,"69":0,"70":0,"71":0,"72":0,"73":0,"74":0,"75":0,"76":0,"77":0,"78":0,"79":0,"80":0,"81":0,"82":1,"83":0,"84":0,"85":0,"86":1},"b":{"1":[0,0],"2":[0,0],"3":[0,0],"4":[0,0],"5":[0,0],"6":[0,0],"7":[0,0],"8":[0,0],"9":[0,0],"10":[0,0],"11":[0,0],"12":[0,0],"13":[0,0],"14":[0,0],"15":[0,0],"16":[0,0],"17":[0,0],"18":[0,0],"19":[0,0],"20":[0,0],"21":[0,0],"22":[0,0],"23":[0,0],"24":[0,0],"25":[0,0],"26":[0,0]},"f":{"1":0,"2":0,"3":0,"4":0,"5":0,"6":0,"7":0,"8":0,"9":0,"10":0,"11":0,"12":0,"13":0},"fnMap":{"1":{"name":"(anonymous_1)","line":31,"loc":{"start":{"line":31,"column":25},"end":{"line":31,"column":35}}},"2":{"name":"(anonymous_2)","line":33,"loc":{"start":{"line":33,"column":36},"end":{"line":33,"column":47}}},"3":{"name":"connect","line":43,"loc":{"start":{"line":43,"column":0},"end":{"line":43,"column":25}}},"4":{"name":"(anonymous_4)","line":62,"loc":{"start":{"line":62,"column":58},"end":{"line":62,"column":74}}},"5":{"name":"(anonymous_5)","line":73,"loc":{"start":{"line":73,"column":8},"end":{"line":73,"column":25}}},"6":{"name":"isConnected","line":78,"loc":{"start":{"line":78,"column":0},"end":{"line":78,"column":22}}},"7":{"name":"status","line":82,"loc":{"start":{"line":82,"column":0},"end":{"line":82,"column":21}}},"8":{"name":"createIndex","line":90,"loc":{"start":{"line":90,"column":0},"end":{"line":90,"column":37}}},"9":{"name":"removeIndex","line":100,"loc":{"start":{"line":100,"column":0},"end":{"line":100,"column":27}}},"10":{"name":"(anonymous_10)","line":104,"loc":{"start":{"line":104,"column":56},"end":{"line":104,"column":66}}},"11":{"name":"model","line":107,"loc":{"start":{"line":107,"column":0},"end":{"line":107,"column":33}}},"12":{"name":"modelInstance","line":123,"loc":{"start":{"line":123,"column":2},"end":{"line":123,"column":30}}},"13":{"name":"stats","line":165,"loc":{"start":{"line":165,"column":0},"end":{"line":165,"column":16}}}},"statementMap":{"1":{"start":{"line":3,"column":0},"end":{"line":15,"column":34}},"2":{"start":{"line":17,"column":0},"end":{"line":17,"column":76}},"3":{"start":{"line":19,"column":0},"end":{"line":25,"column":2}},"4":{"start":{"line":27,"column":0},"end":{"line":27,"column":22}},"5":{"start":{"line":29,"column":0},"end":{"line":29,"column":22}},"6":{"start":{"line":30,"column":0},"end":{"line":30,"column":23}},"7":{"start":{"line":31,"column":0},"end":{"line":41,"column":2}},"8":{"start":{"line":32,"column":2},"end":{"line":32,"column":76}},"9":{"start":{"line":32,"column":51},"end":{"line":32,"column":76}},"10":{"start":{"line":33,"column":2},"end":{"line":40,"column":5}},"11":{"start":{"line":34,"column":4},"end":{"line":39,"column":7}},"12":{"start":{"line":43,"column":0},"end":{"line":76,"column":1}},"13":{"start":{"line":44,"column":2},"end":{"line":44,"column":45}},"14":{"start":{"line":44,"column":20},"end":{"line":44,"column":45}},"15":{"start":{"line":47,"column":2},"end":{"line":58,"column":3}},"16":{"start":{"line":48,"column":4},"end":{"line":48,"column":23}},"17":{"start":{"line":49,"column":8},"end":{"line":58,"column":3}},"18":{"start":{"line":50,"column":4},"end":{"line":50,"column":88}},"19":{"start":{"line":50,"column":23},"end":{"line":50,"column":88}},"20":{"start":{"line":51,"column":4},"end":{"line":54,"column":5}},"21":{"start":{"line":52,"column":6},"end":{"line":52,"column":40}},"22":{"start":{"line":53,"column":6},"end":{"line":53,"column":33}},"23":{"start":{"line":55,"column":4},"end":{"line":55,"column":31}},"24":{"start":{"line":57,"column":4},"end":{"line":57,"column":63}},"25":{"start":{"line":60,"column":2},"end":{"line":60,"column":60}},"26":{"start":{"line":62,"column":2},"end":{"line":75,"column":5}},"27":{"start":{"line":64,"column":4},"end":{"line":64,"column":21}},"28":{"start":{"line":66,"column":4},"end":{"line":71,"column":5}},"29":{"start":{"line":67,"column":6},"end":{"line":67,"column":34}},"30":{"start":{"line":70,"column":6},"end":{"line":70,"column":60}},"31":{"start":{"line":74,"column":4},"end":{"line":74,"column":29}},"32":{"start":{"line":78,"column":0},"end":{"line":80,"column":1}},"33":{"start":{"line":79,"column":2},"end":{"line":79,"column":19}},"34":{"start":{"line":82,"column":0},"end":{"line":88,"column":1}},"35":{"start":{"line":83,"column":2},"end":{"line":83,"column":73}},"36":{"start":{"line":83,"column":21},"end":{"line":83,"column":73}},"37":{"start":{"line":85,"column":2},"end":{"line":85,"column":31}},"38":{"start":{"line":86,"column":2},"end":{"line":86,"column":28}},"39":{"start":{"line":86,"column":11},"end":{"line":86,"column":28}},"40":{"start":{"line":87,"column":2},"end":{"line":87,"column":40}},"41":{"start":{"line":90,"column":0},"end":{"line":98,"column":1}},"42":{"start":{"line":91,"column":2},"end":{"line":91,"column":70}},"43":{"start":{"line":91,"column":13},"end":{"line":91,"column":70}},"44":{"start":{"line":92,"column":2},"end":{"line":92,"column":73}},"45":{"start":{"line":92,"column":21},"end":{"line":92,"column":73}},"46":{"start":{"line":94,"column":2},"end":{"line":97,"column":5}},"47":{"start":{"line":100,"column":0},"end":{"line":105,"column":1}},"48":{"start":{"line":101,"column":2},"end":{"line":101,"column":70}},"49":{"start":{"line":101,"column":13},"end":{"line":101,"column":70}},"50":{"start":{"line":102,"column":2},"end":{"line":102,"column":73}},"51":{"start":{"line":102,"column":21},"end":{"line":102,"column":73}},"52":{"start":{"line":104,"column":2},"end":{"line":104,"column":70}},"53":{"start":{"line":107,"column":0},"end":{"line":163,"column":1}},"54":{"start":{"line":108,"column":2},"end":{"line":108,"column":61}},"55":{"start":{"line":108,"column":17},"end":{"line":108,"column":61}},"56":{"start":{"line":109,"column":2},"end":{"line":109,"column":119}},"57":{"start":{"line":109,"column":44},"end":{"line":109,"column":119}},"58":{"start":{"line":111,"column":2},"end":{"line":120,"column":3}},"59":{"start":{"line":114,"column":4},"end":{"line":116,"column":5}},"60":{"start":{"line":115,"column":6},"end":{"line":115,"column":49}},"61":{"start":{"line":119,"column":4},"end":{"line":119,"column":32}},"62":{"start":{"line":123,"column":2},"end":{"line":130,"column":3}},"63":{"start":{"line":124,"column":4},"end":{"line":124,"column":20}},"64":{"start":{"line":126,"column":4},"end":{"line":128,"column":5}},"65":{"start":{"line":127,"column":6},"end":{"line":127,"column":37}},"66":{"start":{"line":129,"column":4},"end":{"line":129,"column":27}},"67":{"start":{"line":131,"column":2},"end":{"line":131,"column":39}},"68":{"start":{"line":134,"column":2},"end":{"line":134,"column":42}},"69":{"start":{"line":136,"column":2},"end":{"line":136,"column":24}},"70":{"start":{"line":138,"column":2},"end":{"line":142,"column":4}},"71":{"start":{"line":144,"column":2},"end":{"line":160,"column":3}},"72":{"start":{"line":145,"column":4},"end":{"line":145,"column":40}},"73":{"start":{"line":147,"column":4},"end":{"line":147,"column":44}},"74":{"start":{"line":150,"column":4},"end":{"line":150,"column":75}},"75":{"start":{"line":150,"column":28},"end":{"line":150,"column":75}},"76":{"start":{"line":153,"column":4},"end":{"line":153,"column":21}},"77":{"start":{"line":154,"column":4},"end":{"line":154,"column":59}},"78":{"start":{"line":155,"column":4},"end":{"line":155,"column":74}},"79":{"start":{"line":157,"column":4},"end":{"line":159,"column":5}},"80":{"start":{"line":158,"column":6},"end":{"line":158,"column":27}},"81":{"start":{"line":162,"column":2},"end":{"line":162,"column":46}},"82":{"start":{"line":165,"column":0},"end":{"line":168,"column":1}},"83":{"start":{"line":166,"column":2},"end":{"line":166,"column":73}},"84":{"start":{"line":166,"column":21},"end":{"line":166,"column":73}},"85":{"start":{"line":167,"column":2},"end":{"line":167,"column":51}},"86":{"start":{"line":170,"column":0},"end":{"line":180,"column":2}}},"branchMap":{"1":{"line":32,"type":"if","locations":[{"start":{"line":32,"column":2},"end":{"line":32,"column":2}},{"start":{"line":32,"column":2},"end":{"line":32,"column":2}}]},"2":{"line":32,"type":"binary-expr","locations":[{"start":{"line":32,"column":5},"end":{"line":32,"column":25}},{"start":{"line":32,"column":29},"end":{"line":32,"column":49}}]},"3":{"line":44,"type":"if","locations":[{"start":{"line":44,"column":2},"end":{"line":44,"column":2}},{"start":{"line":44,"column":2},"end":{"line":44,"column":2}}]},"4":{"line":47,"type":"if","locations":[{"start":{"line":47,"column":2},"end":{"line":47,"column":2}},{"start":{"line":47,"column":2},"end":{"line":47,"column":2}}]},"5":{"line":49,"type":"if","locations":[{"start":{"line":49,"column":8},"end":{"line":49,"column":8}},{"start":{"line":49,"column":8},"end":{"line":49,"column":8}}]},"6":{"line":50,"type":"if","locations":[{"start":{"line":50,"column":4},"end":{"line":50,"column":4}},{"start":{"line":50,"column":4},"end":{"line":50,"column":4}}]},"7":{"line":51,"type":"if","locations":[{"start":{"line":51,"column":4},"end":{"line":51,"column":4}},{"start":{"line":51,"column":4},"end":{"line":51,"column":4}}]},"8":{"line":66,"type":"if","locations":[{"start":{"line":66,"column":4},"end":{"line":66,"column":4}},{"start":{"line":66,"column":4},"end":{"line":66,"column":4}}]},"9":{"line":83,"type":"if","locations":[{"start":{"line":83,"column":2},"end":{"line":83,"column":2}},{"start":{"line":83,"column":2},"end":{"line":83,"column":2}}]},"10":{"line":86,"type":"if","locations":[{"start":{"line":86,"column":2},"end":{"line":86,"column":2}},{"start":{"line":86,"column":2},"end":{"line":86,"column":2}}]},"11":{"line":91,"type":"if","locations":[{"start":{"line":91,"column":2},"end":{"line":91,"column":2}},{"start":{"line":91,"column":2},"end":{"line":91,"column":2}}]},"12":{"line":92,"type":"if","locations":[{"start":{"line":92,"column":2},"end":{"line":92,"column":2}},{"start":{"line":92,"column":2},"end":{"line":92,"column":2}}]},"13":{"line":96,"type":"binary-expr","locations":[{"start":{"line":96,"column":10},"end":{"line":96,"column":18}},{"start":{"line":96,"column":22},"end":{"line":96,"column":37}}]},"14":{"line":101,"type":"if","locations":[{"start":{"line":101,"column":2},"end":{"line":101,"column":2}},{"start":{"line":101,"column":2},"end":{"line":101,"column":2}}]},"15":{"line":102,"type":"if","locations":[{"start":{"line":102,"column":2},"end":{"line":102,"column":2}},{"start":{"line":102,"column":2},"end":{"line":102,"column":2}}]},"16":{"line":108,"type":"if","locations":[{"start":{"line":108,"column":2},"end":{"line":108,"column":2}},{"start":{"line":108,"column":2},"end":{"line":108,"column":2}}]},"17":{"line":109,"type":"if","locations":[{"start":{"line":109,"column":2},"end":{"line":109,"column":2}},{"start":{"line":109,"column":2},"end":{"line":109,"column":2}}]},"18":{"line":109,"type":"binary-expr","locations":[{"start":{"line":109,"column":5},"end":{"line":109,"column":11}},{"start":{"line":109,"column":15},"end":{"line":109,"column":42}}]},"19":{"line":111,"type":"if","locations":[{"start":{"line":111,"column":2},"end":{"line":111,"column":2}},{"start":{"line":111,"column":2},"end":{"line":111,"column":2}}]},"20":{"line":114,"type":"if","locations":[{"start":{"line":114,"column":4},"end":{"line":114,"column":4}},{"start":{"line":114,"column":4},"end":{"line":114,"column":4}}]},"21":{"line":114,"type":"binary-expr","locations":[{"start":{"line":114,"column":7},"end":{"line":114,"column":13}},{"start":{"line":114,"column":17},"end":{"line":114,"column":61}}]},"22":{"line":126,"type":"if","locations":[{"start":{"line":126,"column":4},"end":{"line":126,"column":4}},{"start":{"line":126,"column":4},"end":{"line":126,"column":4}}]},"23":{"line":144,"type":"if","locations":[{"start":{"line":144,"column":2},"end":{"line":144,"column":2}},{"start":{"line":144,"column":2},"end":{"line":144,"column":2}}]},"24":{"line":150,"type":"if","locations":[{"start":{"line":150,"column":4},"end":{"line":150,"column":4}},{"start":{"line":150,"column":4},"end":{"line":150,"column":4}}]},"25":{"line":157,"type":"if","locations":[{"start":{"line":157,"column":4},"end":{"line":157,"column":4}},{"start":{"line":157,"column":4},"end":{"line":157,"column":4}}]},"26":{"line":166,"type":"if","locations":[{"start":{"line":166,"column":2},"end":{"line":166,"column":2}},{"start":{"line":166,"column":2},"end":{"line":166,"column":2}}]}},"code":["'use strict';","","var logger = require('./lib/logger'),","    Client = require('./lib/client'),","    Schema = require('./lib/schema'),","    errors = require('./lib/errors'),","    pluralize = require('pluralize'),","    utils = require('./lib/utils'),","    MissingArgumentError = errors.MissingArgumentError,","    ConnectionError = errors.ConnectionError,","    Model = require('./lib/model'),","    defaultMethods = require('./lib/default-methods'),","    defaultMappings = require('./default-mappings'),","    _ = require('lodash'),","    Promise = require('bluebird');","","logger.transports.console.silent = (process.env.NODE_ENV !== 'development');","","var db = {","  host: 'localhost:9200',","  index: '',","  logging: process.env.NODE_ENV === 'development',","  client: {},","  models: {}","};","","var CONNECTED = false;","","var mappingQueue = [];","var syncMapping = true;","var handleMappingQueue = function(){","  if(!mappingQueue.length || syncMapping == false) return Promise.resolve();","  return Promise.map(mappingQueue , function(v){","    return db.client.indices.putMapping({","      index: db.index,","      type: v.type,","      ignore_conflicts: true,","      body:v.mapping","    });","  });","};","","function connect(options){","  if(isConnected()) return Promise.resolve();","","  // can pass just the index name, or a client configuration object.","  if(_.isString(options)){","    db.index = options;","  }else if(_.isObject(options)){","    if(!options.index) return Promise.reject(new MissingArgumentError('options.index'));","    if(options.hasOwnProperty('syncMapping')){","      syncMapping = options.syncMapping;","      delete options.syncMapping;","    }","    db = _.assign(db, options);","  }else{","    return Promise.reject(new MissingArgumentError('options'));","  }","","  module.exports.client = db.client = Client.makeClient(db);","","  return db.client.indices.exists({index: db.index}).then(function(result){","    //No error - connected","    CONNECTED = true;","","    if(result){","      return handleMappingQueue();","    }else{","      // if the index doesn't exist, then create it.","      return createIndex(db.index).then(handleMappingQueue);","    }","  })","  .then(function(results){","    return Promise.resolve();","  });","}","","function isConnected(){","  return CONNECTED;","}","","function status(type){","  if(!isConnected()) return Promise.reject(new ConnectionError(db.host));","","  var args = {index: db.index};","  if(type) args.type = type;","  return db.client.indices.status(args);","}","","function createIndex(index, mappings){","  if(!index) return Promise.reject(new MissingArgumentError('index'));","  if(!isConnected()) return Promise.reject(new ConnectionError(db.host));","","  return db.client.indices.create({","    index: index,","    body: mappings || defaultMappings","  });","}","","function removeIndex(index){","  if(!index) return Promise.reject(new MissingArgumentError('index'));","  if(!isConnected()) return Promise.reject(new ConnectionError(db.host));","","  return db.client.indices.delete({index: index}).catch(function(){});","}","","function model(modelName, schema){","  if(!modelName) throw new MissingArgumentError('modelName');","  if(schema && !(schema instanceof Schema)) throw new errors.ElasticsearchError('Invalid schema for \"'+modelName+'\".');","","  if(db.models[modelName]){","","    // don't overwrite schemas on secondary calls.","    if(schema && _.isEmpty(db.models[modelName].model.schema)){","      db.models[modelName].model.schema = schema;","    }","","    // return model from cache if it exists.","    return db.models[modelName];","  }","","  // create a neweable function object.","  function modelInstance(data){","    var self = this;","    // Add any user supplied schema instance methods.","    if(schema){","      _.assign(self, schema.methods);","    }","    Model.call(self, data);","  }","  utils.inherits(modelInstance, Model);","","  // add crud/query static functions.","  _.assign(modelInstance, defaultMethods);","","  modelInstance.db = db;","","  modelInstance.model = {","    type: pluralize(modelName).toLowerCase(),","    name: modelName,","    constructor: modelInstance","  };","","  if(schema) {","    modelInstance.model.schema = schema;","    // Add any user supplied schema static methods.","    _.assign(modelInstance, schema.statics);","","    // User can provide their own type name, default is pluralized.","    if(schema.options.type) modelInstance.model.type = schema.options.type;","","    // Update the mapping asynchronously.","    var mapping = {};","    mapping[modelInstance.model.type] = schema.toMapping();","    mappingQueue.push({type: modelInstance.model.type, mapping: mapping});","    // If we're already connected process the mapping queue.","    if(isConnected()){","      handleMappingQueue();","    }","  }","","  return db.models[modelName] = modelInstance;","}","","function stats(){","  if(!isConnected()) return Promise.reject(new ConnectionError(db.host));","  return db.client.indices.stats({index:db.index});","}","","module.exports = {","  client: db.client,","  connect: connect,","  isConnected: isConnected,","  status: status,","  stats: stats,","  removeIndex: removeIndex,","  createIndex: createIndex,","  model: model,","  Schema: Schema","};",""],"l":{"3":1,"17":1,"19":1,"27":1,"29":1,"30":1,"31":1,"32":0,"33":0,"34":0,"43":1,"44":0,"47":0,"48":0,"49":0,"50":0,"51":0,"52":0,"53":0,"55":0,"57":0,"60":0,"62":0,"64":0,"66":0,"67":0,"70":0,"74":0,"78":1,"79":0,"82":1,"83":0,"85":0,"86":0,"87":0,"90":1,"91":0,"92":0,"94":0,"100":1,"101":0,"102":0,"104":0,"107":1,"108":0,"109":0,"111":0,"114":0,"115":0,"119":0,"123":1,"124":0,"126":0,"127":0,"129":0,"131":0,"134":0,"136":0,"138":0,"144":0,"145":0,"147":0,"150":0,"153":0,"154":0,"155":0,"157":0,"158":0,"162":0,"165":1,"166":0,"167":0,"170":1}},"/home/travis/build/npmtest/node-npmtest-elasticsearch-odm/node_modules/elasticsearch-odm/lib/logger.js":{"path":"/home/travis/build/npmtest/node-npmtest-elasticsearch-odm/node_modules/elasticsearch-odm/lib/logger.js","s":{"1":1,"2":1,"3":1,"4":1,"5":1,"6":1,"7":1,"8":1},"b":{},"f":{"1":1},"fnMap":{"1":{"name":"makeLogger","line":7,"loc":{"start":{"line":7,"column":0},"end":{"line":7,"column":21}}}},"statementMap":{"1":{"start":{"line":1,"column":0},"end":{"line":1,"column":13}},"2":{"start":{"line":3,"column":0},"end":{"line":3,"column":33}},"3":{"start":{"line":5,"column":0},"end":{"line":5,"column":30}},"4":{"start":{"line":7,"column":0},"end":{"line":56,"column":1}},"5":{"start":{"line":9,"column":2},"end":{"line":18,"column":5}},"6":{"start":{"line":20,"column":2},"end":{"line":43,"column":5}},"7":{"start":{"line":44,"column":2},"end":{"line":53,"column":5}},"8":{"start":{"line":55,"column":2},"end":{"line":55,"column":16}}},"branchMap":{},"code":["'use-strict';","","var winston = require('winston');","","module.exports = makeLogger();","","function makeLogger(){","","  winston.addColors({","    debug: 'green',","    info: 'cyan',","    silly: 'purple',","    trace: 'magenta',","    verbose: 'magenta',","    warn: 'yellow',","    warning: 'yellow',","    error: 'red'","  });","","  var logger = new winston.Logger({","    transports: [","      new(winston.transports.Console)({","        level: 'silly',","        handleExceptions: true,","        prettyPrint: true,","        silent: false,","        timestamp: true,","        colorize: true,","        json: false","      })","    ],","    exceptionHandlers: [","      new(winston.transports.Console)({","        level: 'warn',","        handleExceptions: true,","        prettyPrint: true,","        silent: false,","        timestamp: true,","        colorize: true,","        json: false","      })","    ]","  });","  logger.setLevels({","    silly: 0,","    debug: 1,","    verbose: 2,","    trace : 2,","    info: 3,","    warn: 4,","    warning: 4,","    error: 5","  });","","  return logger;","}",""],"l":{"1":1,"3":1,"5":1,"7":1,"9":1,"20":1,"44":1,"55":1}},"/home/travis/build/npmtest/node-npmtest-elasticsearch-odm/node_modules/elasticsearch-odm/lib/client.js":{"path":"/home/travis/build/npmtest/node-npmtest-elasticsearch-odm/node_modules/elasticsearch-odm/lib/client.js","s":{"1":1,"2":1,"3":0,"4":1,"5":0,"6":0,"7":0,"8":0,"9":0,"10":0,"11":0,"12":0,"13":0,"14":0,"15":0,"16":0,"17":0,"18":0,"19":0,"20":0,"21":0,"22":0,"23":0,"24":0,"25":0},"b":{"1":[0,0],"2":[0,0],"3":[0,0],"4":[0,0]},"f":{"1":0,"2":0,"3":0,"4":0,"5":0,"6":0,"7":0},"fnMap":{"1":{"name":"(anonymous_1)","line":8,"loc":{"start":{"line":8,"column":28},"end":{"line":8,"column":45}}},"2":{"name":"getClientSettings","line":12,"loc":{"start":{"line":12,"column":0},"end":{"line":12,"column":35}}},"3":{"name":"(anonymous_3)","line":16,"loc":{"start":{"line":16,"column":11},"end":{"line":16,"column":23}}},"4":{"name":"(anonymous_4)","line":18,"loc":{"start":{"line":18,"column":32},"end":{"line":18,"column":43}}},"5":{"name":"(anonymous_5)","line":30,"loc":{"start":{"line":30,"column":25},"end":{"line":30,"column":35}}},"6":{"name":"(anonymous_6)","line":36,"loc":{"start":{"line":36,"column":19},"end":{"line":36,"column":61}}},"7":{"name":"(anonymous_7)","line":51,"loc":{"start":{"line":51,"column":19},"end":{"line":51,"column":31}}}},"statementMap":{"1":{"start":{"line":3,"column":0},"end":{"line":6,"column":45}},"2":{"start":{"line":8,"column":0},"end":{"line":10,"column":2}},"3":{"start":{"line":9,"column":2},"end":{"line":9,"column":62}},"4":{"start":{"line":12,"column":0},"end":{"line":55,"column":1}},"5":{"start":{"line":13,"column":2},"end":{"line":28,"column":4}},"6":{"start":{"line":17,"column":6},"end":{"line":17,"column":26}},"7":{"start":{"line":18,"column":6},"end":{"line":21,"column":9}},"8":{"start":{"line":19,"column":8},"end":{"line":19,"column":31}},"9":{"start":{"line":20,"column":8},"end":{"line":20,"column":30}},"10":{"start":{"line":22,"column":6},"end":{"line":26,"column":8}},"11":{"start":{"line":29,"column":2},"end":{"line":53,"column":3}},"12":{"start":{"line":30,"column":4},"end":{"line":52,"column":6}},"13":{"start":{"line":31,"column":6},"end":{"line":31,"column":23}},"14":{"start":{"line":32,"column":6},"end":{"line":32,"column":39}},"15":{"start":{"line":33,"column":6},"end":{"line":33,"column":40}},"16":{"start":{"line":34,"column":6},"end":{"line":34,"column":37}},"17":{"start":{"line":35,"column":6},"end":{"line":35,"column":39}},"18":{"start":{"line":36,"column":6},"end":{"line":50,"column":8}},"19":{"start":{"line":37,"column":8},"end":{"line":37,"column":40}},"20":{"start":{"line":38,"column":8},"end":{"line":45,"column":10}},"21":{"start":{"line":46,"column":8},"end":{"line":49,"column":9}},"22":{"start":{"line":47,"column":10},"end":{"line":47,"column":34}},"23":{"start":{"line":48,"column":10},"end":{"line":48,"column":63}},"24":{"start":{"line":51,"column":6},"end":{"line":51,"column":36}},"25":{"start":{"line":54,"column":2},"end":{"line":54,"column":61}}},"branchMap":{"1":{"line":29,"type":"if","locations":[{"start":{"line":29,"column":2},"end":{"line":29,"column":2}},{"start":{"line":29,"column":2},"end":{"line":29,"column":2}}]},"2":{"line":41,"type":"binary-expr","locations":[{"start":{"line":41,"column":20},"end":{"line":41,"column":28}},{"start":{"line":41,"column":32},"end":{"line":41,"column":34}}]},"3":{"line":44,"type":"binary-expr","locations":[{"start":{"line":44,"column":24},"end":{"line":44,"column":28}},{"start":{"line":44,"column":32},"end":{"line":44,"column":34}}]},"4":{"line":46,"type":"if","locations":[{"start":{"line":46,"column":8},"end":{"line":46,"column":8}},{"start":{"line":46,"column":8},"end":{"line":46,"column":8}}]}},"code":["'use strict';","","var logger = require('./logger'),","    _ = require('lodash'),","    Promise = require('bluebird'),","    elasticsearch = require('elasticsearch');","","module.exports.makeClient = function(options){","  return new elasticsearch.Client(getClientSettings(options));","};","","function getClientSettings(options){","  var clientSettings = {","    apiVersion: '1.7',","    keepAlive: true,","    defer: function () {","      var resolve, reject;","      var promise = new Promise(function() {","        resolve = arguments[0];","        reject = arguments[1];","      });","      return {","        resolve: resolve,","        reject: reject,","        promise: promise","      };","    }","  };","  if(options.logging) {","    clientSettings.log = function(){","      var log = logger;","      this.error = log.error.bind(log);","      this.warning = log.warn.bind(log);","      this.info = log.info.bind(log);","      this.debug = log.debug.bind(log);","      this.trace = function (method, req, body, res, status) {","        var parts = req.path.split('/');","        var meta = {","            host : req.protocol + '//' + req.hostname + ':' + req.port,","            index : options.index,","            type :  parts[2] || '',","            response : status,","            queryString : parts[parts.length-1],","            queryBody : body || ''","        };","        if(status !== 200) {","          meta.responseBody = res;","          log.trace('[ELASTICSEARCH] ' + method + ' @ ', meta);","        }","      };","      this.close = function () {  };","    };","  }","  return _.merge(clientSettings, _.omit(options, 'logging'));","}",""],"l":{"3":1,"8":1,"9":0,"12":1,"13":0,"17":0,"18":0,"19":0,"20":0,"22":0,"29":0,"30":0,"31":0,"32":0,"33":0,"34":0,"35":0,"36":0,"37":0,"38":0,"46":0,"47":0,"48":0,"51":0,"54":0}},"/home/travis/build/npmtest/node-npmtest-elasticsearch-odm/node_modules/elasticsearch-odm/lib/schema.js":{"path":"/home/travis/build/npmtest/node-npmtest-elasticsearch-odm/node_modules/elasticsearch-odm/lib/schema.js","s":{"1":1,"2":1,"3":1,"4":1,"5":1,"6":0,"7":0,"8":0,"9":0,"10":0,"11":0,"12":0,"13":1,"14":0,"15":0,"16":0,"17":0,"18":0,"19":0,"20":0,"21":0,"22":0,"23":0,"24":0,"25":0,"26":0,"27":0,"28":0,"29":1,"30":0,"31":0,"32":0,"33":0,"34":0,"35":0,"36":0,"37":0,"38":0,"39":0,"40":0,"41":0,"42":0,"43":0,"44":0,"45":0,"46":0,"47":0,"48":0,"49":0,"50":0,"51":0,"52":0,"53":0,"54":0,"55":0,"56":0,"57":1,"58":0,"59":0,"60":1,"61":0,"62":0,"63":1,"64":0,"65":0,"66":0,"67":1,"68":0,"69":0,"70":0,"71":0,"72":0,"73":0,"74":0,"75":0,"76":0,"77":0,"78":0,"79":0,"80":0,"81":0,"82":0,"83":0,"84":0,"85":0,"86":0,"87":0,"88":0,"89":0,"90":0,"91":0,"92":0,"93":0,"94":0,"95":0,"96":0,"97":0,"98":1,"99":0,"100":0,"101":0,"102":0,"103":0},"b":{"1":[0,0],"2":[0,0],"3":[0,0],"4":[0,0],"5":[0,0],"6":[0,0],"7":[0,0],"8":[0,0],"9":[0,0],"10":[0,0],"11":[0,0],"12":[0,0],"13":[0,0],"14":[0,0],"15":[0,0],"16":[0,0],"17":[0,0],"18":[0,0],"19":[0,0],"20":[0,0],"21":[0,0],"22":[0,0],"23":[0,0],"24":[0,0],"25":[0,0],"26":[0,0],"27":[0,0]},"f":{"1":0,"2":0,"3":0,"4":0,"5":0,"6":0,"7":0,"8":0,"9":0,"10":0,"11":0,"12":0,"13":0,"14":0,"15":0,"16":0,"17":0,"18":0,"19":0},"fnMap":{"1":{"name":"Schema","line":17,"loc":{"start":{"line":17,"column":0},"end":{"line":17,"column":33}}},"2":{"name":"(anonymous_2)","line":33,"loc":{"start":{"line":33,"column":29},"end":{"line":33,"column":40}}},"3":{"name":"(anonymous_3)","line":36,"loc":{"start":{"line":36,"column":18},"end":{"line":36,"column":37}}},"4":{"name":"(anonymous_4)","line":37,"loc":{"start":{"line":37,"column":18},"end":{"line":37,"column":32}}},"5":{"name":"(anonymous_5)","line":70,"loc":{"start":{"line":70,"column":28},"end":{"line":70,"column":51}}},"6":{"name":"(anonymous_6)","line":74,"loc":{"start":{"line":74,"column":27},"end":{"line":74,"column":59}}},"7":{"name":"(anonymous_7)","line":86,"loc":{"start":{"line":86,"column":18},"end":{"line":86,"column":43}}},"8":{"name":"(anonymous_8)","line":91,"loc":{"start":{"line":91,"column":26},"end":{"line":91,"column":37}}},"9":{"name":"(anonymous_9)","line":99,"loc":{"start":{"line":99,"column":18},"end":{"line":99,"column":37}}},"10":{"name":"(anonymous_10)","line":100,"loc":{"start":{"line":100,"column":18},"end":{"line":100,"column":32}}},"11":{"name":"(anonymous_11)","line":127,"loc":{"start":{"line":127,"column":24},"end":{"line":127,"column":45}}},"12":{"name":"(anonymous_12)","line":132,"loc":{"start":{"line":132,"column":23},"end":{"line":132,"column":44}}},"13":{"name":"buildFieldsFromSchema","line":137,"loc":{"start":{"line":137,"column":0},"end":{"line":137,"column":38}}},"14":{"name":"(anonymous_14)","line":143,"loc":{"start":{"line":143,"column":30},"end":{"line":143,"column":41}}},"15":{"name":"mapSchemaType","line":147,"loc":{"start":{"line":147,"column":2},"end":{"line":147,"column":36}}},"16":{"name":"(anonymous_16)","line":176,"loc":{"start":{"line":176,"column":35},"end":{"line":176,"column":46}}},"17":{"name":"(anonymous_17)","line":190,"loc":{"start":{"line":190,"column":38},"end":{"line":190,"column":49}}}
[...]
f","locations":[{"start":{"line":194,"column":2},"end":{"line":194,"column":2}},{"start":{"line":194,"column":2},"end":{"line":194,"column":2}}]},"16":{"line":194,"type":"binary-expr","locations":[{"start":{"line":194,"column":5},"end":{"line":194,"column":17}},{"start":{"line":194,"column":21},"end":{"line":194,"column":37}}]},"17":{"line":198,"type":"if","locations":[{"start":{"line":198,"column":2},"end":{"line":198,"column":2}},{"start":{"line":198,"column":2},"end":{"line":198,"column":2}}]},"18":{"line":198,"type":"binary-expr","locations":[{"start":{"line":198,"column":5},"end":{"line":198,"column":17}},{"start":{"line":198,"column":21},"end":{"line":198,"column":32}}]},"19":{"line":202,"type":"if","locations":[{"start":{"line":202,"column":2},"end":{"line":202,"column":2}},{"start":{"line":202,"column":2},"end":{"line":202,"column":2}}]},"20":{"line":202,"type":"binary-expr","locations":[{"start":{"line":202,"column":5},"end":{"line":202,"column":20}},{"start":{"line":202,"column":24},"end":{"line":202,"column":38}}]},"21":{"line":206,"type":"if","locations":[{"start":{"line":206,"column":2},"end":{"line":206,"column":2}},{"start":{"line":206,"column":2},"end":{"line":206,"column":2}}]},"22":{"line":217,"type":"if","locations":[{"start":{"line":217,"column":2},"end":{"line":217,"column":2}},{"start":{"line":217,"column":2},"end":{"line":217,"column":2}}]},"23":{"line":217,"type":"binary-expr","locations":[{"start":{"line":217,"column":5},"end":{"line":217,"column":15}},{"start":{"line":217,"column":19},"end":{"line":217,"column":36}}]},"24":{"line":225,"type":"if","locations":[{"start":{"line":225,"column":10},"end":{"line":225,"column":10}},{"start":{"line":225,"column":10},"end":{"line":225,"column":10}}]},"25":{"line":225,"type":"binary-expr","locations":[{"start":{"line":225,"column":13},"end":{"line":225,"column":25}},{"start":{"line":225,"column":29},"end":{"line":225,"column":43}}]},"26":{"line":239,"type":"binary-expr","locations":[{"start":{"line":239,"column":11},"end":{"line":239,"column":20}},{"start":{"line":239,"column":24},"end":{"line":239,"column":25}}]},"27":{"line":242,"type":"if","locations":[{"start":{"line":242,"column":2},"end":{"line":242,"column":2}},{"start":{"line":242,"column":2},"end":{"line":242,"column":2}}]},"28":{"line":242,"type":"binary-expr","locations":[{"start":{"line":242,"column":5},"end":{"line":242,"column":12}},{"start":{"line":242,"column":17},"end":{"line":242,"column":29}},{"start":{"line":242,"column":33},"end":{"line":242,"column":49}}]},"29":{"line":264,"type":"if","locations":[{"start":{"line":264,"column":4},"end":{"line":264,"column":4}},{"start":{"line":264,"column":4},"end":{"line":264,"column":4}}]},"30":{"line":269,"type":"binary-expr","locations":[{"start":{"line":269,"column":11},"end":{"line":269,"column":21}},{"start":{"line":269,"column":25},"end":{"line":269,"column":27}}]},"31":{"line":281,"type":"if","locations":[{"start":{"line":281,"column":4},"end":{"line":281,"column":4}},{"start":{"line":281,"column":4},"end":{"line":281,"column":4}}]},"32":{"line":282,"type":"cond-expr","locations":[{"start":{"line":282,"column":37},"end":{"line":282,"column":44}},{"start":{"line":282,"column":47},"end":{"line":282,"column":56}}]},"33":{"line":294,"type":"if","locations":[{"start":{"line":294,"column":2},"end":{"line":294,"column":2}},{"start":{"line":294,"column":2},"end":{"line":294,"column":2}}]},"34":{"line":311,"type":"if","locations":[{"start":{"line":311,"column":4},"end":{"line":311,"column":4}},{"start":{"line":311,"column":4},"end":{"line":311,"column":4}}]},"35":{"line":326,"type":"if","locations":[{"start":{"line":326,"column":4},"end":{"line":326,"column":4}},{"start":{"line":326,"column":4},"end":{"line":326,"column":4}}]},"36":{"line":326,"type":"binary-expr","locations":[{"start":{"line":326,"column":7},"end":{"line":326,"column":9}},{"start":{"line":326,"column":13},"end":{"line":326,"column":22}}]},"37":{"line":330,"type":"if","locations":[{"start":{"line":330,"column":2},"end":{"line":330,"column":2}},{"start":{"line":330,"column":2},"end":{"line":330,"column":2}}]},"38":{"line":336,"type":"if","locations":[{"start":{"line":336,"column":4},"end":{"line":336,"column":4}},{"start":{"line":336,"column":4},"end":{"line":336,"column":4}}]},"39":{"line":338,"type":"if","locations":[{"start":{"line":338,"column":10},"end":{"line":338,"column":10}},{"start":{"line":338,"column":10},"end":{"line":338,"column":10}}]},"40":{"line":346,"type":"if","locations":[{"start":{"line":346,"column":2},"end":{"line":346,"column":2}},{"start":{"line":346,"column":2},"end":{"line":346,"column":2}}]},"41":{"line":347,"type":"if","locations":[{"start":{"line":347,"column":4},"end":{"line":347,"column":4}},{"start":{"line":347,"column":4},"end":{"line":347,"column":4}}]},"42":{"line":348,"type":"if","locations":[{"start":{"line":348,"column":4},"end":{"line":348,"column":4}},{"start":{"line":348,"column":4},"end":{"line":348,"column":4}}]},"43":{"line":359,"type":"if","locations":[{"start":{"line":359,"column":2},"end":{"line":359,"column":2}},{"start":{"line":359,"column":2},"end":{"line":359,"column":2}}]},"44":{"line":359,"type":"binary-expr","locations":[{"start":{"line":359,"column":5},"end":{"line":359,"column":45}},{"start":{"line":360,"column":7},"end":{"line":360,"column":60}}]},"45":{"line":363,"type":"if","locations":[{"start":{"line":363,"column":2},"end":{"line":363,"column":2}},{"start":{"line":363,"column":2},"end":{"line":363,"column":2}}]},"46":{"line":363,"type":"binary-expr","locations":[{"start":{"line":363,"column":5},"end":{"line":363,"column":49}},{"start":{"line":363,"column":53},"end":{"line":363,"column":110}}]},"47":{"line":370,"type":"if","locations":[{"start":{"line":370,"column":2},"end":{"line":370,"column":2}},{"start":{"line":370,"column":2},"end":{"line":370,"column":2}}]},"48":{"line":370,"type":"binary-expr","locations":[{"start":{"line":370,"column":5},"end":{"line":370,"column":10}},{"start":{"line":370,"column":14},"end":{"line":370,"column":23}}]},"49":{"line":371,"type":"cond-expr","locations":[{"start":{"line":371,"column":48},"end":{"line":371,"column":49}},{"start":{"line":371,"column":52},"end":{"line":371,"column":66}}]},"50":{"line":371,"type":"binary-expr","locations":[{"start":{"line":371,"column":9},"end":{"line":371,"column":30}},{"start":{"line":371,"column":35},"end":{"line":371,"column":44}}]},"51":{"line":372,"type":"cond-expr","locations":[{"start":{"line":372,"column":60},"end":{"line":372,"column":62}},{"start":{"line":372,"column":65},"end":{"line":372,"column":83}}]},"52":{"line":372,"type":"binary-expr","locations":[{"start":{"line":372,"column":13},"end":{"line":372,"column":38}},{"start":{"line":372,"column":43},"end":{"line":372,"column":56}}]},"53":{"line":378,"type":"cond-expr","locations":[{"start":{"line":378,"column":30},"end":{"line":378,"column":37}},{"start":{"line":378,"column":40},"end":{"line":378,"column":45}}]},"54":{"line":386,"type":"if","locations":[{"start":{"line":386,"column":4},"end":{"line":386,"column":4}},{"start":{"line":386,"column":4},"end":{"line":386,"column":4}}]},"55":{"line":398,"type":"if","locations":[{"start":{"line":398,"column":2},"end":{"line":398,"column":2}},{"start":{"line":398,"column":2},"end":{"line":398,"column":2}}]},"56":{"line":402,"type":"if","locations":[{"start":{"line":402,"column":2},"end":{"line":402,"column":2}},{"start":{"line":402,"column":2},"end":{"line":402,"column":2}}]},"57":{"line":410,"type":"if","locations":[{"start":{"line":410,"column":2},"end":{"line":410,"column":2}},{"start":{"line":410,"column":2},"end":{"line":410,"column":2}}]}},"code":["'use strict';","","var _ = require('lodash'),","    logger = require('./logger'),","    utils = require('./utils'),","    dot = require('dot-object');","","module.exports = {","  QueryPromise: QueryPromise,","","  parseRequest: parseRequest,","  parseResponse: parseResponse,","","  addTermFilters:  addTermFilters,","  addPagination: addPagination,","  addSorts: addSorts,","  addPopulations: addPopulations,","  addExistenceFilters: addExistenceFilters","};","","function QueryPromise(query, func){","  // We wrap a promise for the query. To allow chaining of methonds","  // in between the 'then-able'. func argument takes a single query argument","  // and returns a promise that is resolved with the found document.","  // This allows calls like, .find().sort().then(...)","","  var self = this;","  self.q = _.cloneDeep(query);","  self.p = {","    resolve: function(){},","    reject: function(){}","  };","  self.isExecuted = false;","","  self._exec = function(){","    if(!self.isExecuted){","      self.isExecuted = true;","","      /**","      if(self.q.body){;","        process.nextTick(function(){","          console.log(utils.inspect(self.q.body.query.filtered, { showHidden: true, depth: null }));","        });","      }","      */","","      func(self.q)","      .then(function(res){","        self.p.resolve(res);","      })","      .catch(function(err){","        self.p.reject(err);","      });","    }","  };","","  self.then = function(resolve, reject){","    var promise = new Promise(function(success, error){","      self.p.resolve = success;","      self.p.reject = error;","      self._exec();","    });","","    return promise.then(resolve, reject);","  };","","  self.populate = function(value){","    addPopulations(self.q, value);","    return self;","  };","","  self.must = function(value){","    addTermFilters(self.q, value);","    return self;","  };","","  self.missing = function(value){","    addExistenceFilters(self.q, value);","    return self;","  };","","  self.exists = function(value){","    addExistenceFilters(self.q, null, value);","    return self;","  };","","  self.not = function(value){","    addTermFilters(self.q, null, value);","    return self;","  };","","  self.sort = function(value){","    addSorts(self.q, value);","    return self;","  };","","  // If .then() is never called, make sure we execute the query.","  // This allows the '.findAndRemove' type queries to still work","  // even when .then() is never called.","  process.nextTick(function(){","    self._exec();","  });","}","","function PagedResponse(data){","  var self = this;","  _.assign(self, data);","}","PagedResponse.prototype.toObject = function(){","  return {","    total: this.total,","    hits: _.map(this.hits, function(h){return h.toObject(); }),","    page: this.page,","    pages: this.pages","  };","};","","PagedResponse.prototype.toJSON = function(){","  return this.toObject();","};","","function parseRequest(indices, types, matches, options){","  options = options || {};","  var req = {","    index: indices,","    type: types,","    body: {","      query: {match_all: {}}","    }","  };","","  var allowedOptions = [];","","  if(options.id){","    allowedOptions = [","      'id',","      'fields',","      'populate'","    ];","  }else if(options.ids){","    allowedOptions = [","      'ids',","      'fields',","      'populate',","      'sort',","      'page',","      'per_page'","    ];","  }else{","    allowedOptions = [","      'missing',","      'exists',","      'must',","      'not',","      'fields',","      'sort',","      'page',","      'per_page',","      'q',","      'populate'","    ];","  }","  options = _.pick(options, allowedOptions);","","  if(options.id) req.id = options.id;","  if(options.ids) {","    req.body.query = {","      ids: {","        values: options.ids","      }","    };","  }","","  if(!_.isEmpty(matches)){","    if(_.isString(matches)) options.q = matches;","    if(_.isPlainObject(matches)) options.must = _.merge({}, options.must, matches);","  }","","  if(options.q && _.isString(options.q)){","    // escape any special characters in the query string","    // see https://www.elastic.co/guide/en/elasticsearch/reference/current/query-dsl-query-string-query.html","    options.q = utils.escapeQueryStringQuery(options.q);","    req.body.query = { query_string: {query: options.q} };","  }","","  if(options.fields){","    req.body.fields = _.isArray(options.fields) ? options.fields : [options.fields];","  }","","  if(options.sort){","    addSorts(req, options.sort);","  }","","  if(options.page || options.per_page){","    addPagination(req, options.page, options.per_page);","  }","","  if(options.must || options.not){","    addTermFilters(req, options.must, options.not, options.missing, options.exists);","  }","","  if(options.missing || options.exists){","    addExistenceFilters(req, options.missing, options.exists);","  }","","  if(!req.hasOwnProperty('size')) {","    // NOTE: we use a high number as our default to return everything","    // because mongoose also does so.","    req.size = 999999;","    req.from = 0;","  }","","  return req;","}","","function parseResponse(options, query, res){","  if(query.body && query.body.fields){","    // elasticsearch wraps field queries in its own body, so we clean it up a bit.","    // all in the name of an easy to use API","    res.hits.hits = _.chain(res.hits.hits)","      .pluck('fields')","      .map(function(_v){","        return _.map(_v, function(v, k){","          var item = {};","          if(_.isArray(v) && v.length === 1){","            item[k] = v[0];","          }else{","            item[k] = v;","          }","          return item;","        });","      })","      .flatten()","      .value();","  }","","  // if _source exists, set the item as _source","  res.hits.hits = _.map(res.hits.hits, function(v){","    return v._source || v;","  });","","  if(options && (options.page || options.per_page)){","    return new PagedResponse({","      total: res.hits.total,","      hits: res.hits.hits,","      page: options.page,","      pages: Math.ceil(res.hits.total / query.size)","    });","  }else{","    return res.hits.hits;","  }","","}","","function addExistenceFilters(req, missingFilters, existsFilters){","  // see https://www.elastic.co/guide/en/elasticsearch/reference/current/query-dsl-missing-filter.html","  // and https://www.elastic.co/guide/en/elasticsearch/reference/current/query-dsl-filters.html","","  // is this a filtered query, or a regulat?","  var boolFilter = dot.pick('body.query.filtered', req);","","  var getPreviousFilters = function(){","    var andFilters;","    if(boolFilter){","      andFilters = dot.pick('body.query.filtered.query.constant_score.filter.and', req);","    }else{","      andFilters = dot.pick('body.query.constant_score.filter.and', req);","    }","    return andFilters || [];","  };","","  var query = {","    constant_score: {","      filter: {","        and: getPreviousFilters()","      }","    }","  };","","  var makeFilter = function(name, filters){;","    if(filters){","      filters = _.isArray(filters) ? filters : [filters];","      _.forEach(filters, function(v){","        var f = {};","        f[name] = {field: v};","        query.constant_score.filter.and.push(f);","      });","    }","  };","","  makeFilter('missing', missingFilters);","  makeFilter('exists', existsFilters);","","  if(boolFilter){","    req.body.query.filtered.query = query;","  }else{","    req.body.query = query;","  }","}","","function addTermFilters(req, mustFilters, notFilters){","  var filter = {","    bool: {","      must: [],","      must_not: []","    }","  };","","  var makeTermFilter = function(v, k){","    var f = {};","    if(_.isArray(v)){","      f.terms = {};","      f.terms[k] = v;","    }else{","      f.term = {};","      f.term[k] = v;","    }","    return f;","  };","","  filter.bool.must = _.map(mustFilters, makeTermFilter);","  filter.bool.must_not = _.map(notFilters, makeTermFilter);","","  // Remove any empty filters, Elasticsearch will throw an error.","  _.each(filter.bool, function(v, k) {","    if(!v || !v.length) delete filter.bool[k];","  });","","  // No filters found? return now.","  if(_.isEmpty(filter.bool)) return void 0;","","  // Is this a new filtered query, or an existing to merge with?","  var boolFilter = dot.pick('body.query.filtered.filter.bool', req);","","  var mergeFilter = function(filterName, data){","    if( _.isArray(boolFilter[filterName]) ){","      req.body.query.filtered.filter.bool[filterName] = req.body.query.filtered.filter.bool[filterName].concat(data);","    }else if( _.isPlainObject(boolFilter[filterName]) ){","      req.body.query.filtered.filter.bool[filterName] = [boolFilter[filterName]];","      req.body.query.filtered.filter.bool[filterName] = req.body.query.filtered.filter.bool[filterName].concat(data);","    }else{","      req.body.query.filtered.filter.bool[filterName] = data;","    }","  };","","  if(boolFilter){","    if(filter.bool.must) mergeFilter('must', filter.bool.must);","    if(filter.bool.must_not) mergeFilter('must_not', filter.bool.must_not);","  }else{","    req.body.query = {","      filtered: {","        query: req.body.query,","        filter: filter","      }","    };","  }","","  ///Pretty sure elasticsearch doesn't allow arrays for 'must' when only one rule is added.","  if(req.body.query.filtered.filter.bool.must","    && req.body.query.filtered.filter.bool.must.length === 1){","    req.body.query.filtered.filter.bool.must = req.body.query.filtered.filter.bool.must[0];","  }","  if(req.body.query.filtered.filter.bool.must_not && req.body.query.filtered.filter.bool.must_not.length === 1){","    req.body.query.filtered.filter.bool.must_not = req.body.query.filtered.filter.bool.must_not[0];","  }","","}","","function addPagination(req, page, per_page){","  if(!page && !per_page) return void 0;","  page = isNaN(parseInt(page)) || (page <= 0) ? 1 : parseInt(page);","  per_page = isNaN(parseInt(per_page)) || (per_page <= 1) ? 10 : parseInt(per_page);","  req.from =  (page - 1) * per_page;","  req.size = per_page;","}","","function addSorts(req, sorts){","  sorts = _.isString(sorts) ? [sorts] : sorts;","","  var result = {","    sort: []","  };","","  var makeSort = function(sort){","    var item = {}, order;","    if(_.startsWith(sort, '-')){","      sort = sort.substring(1);","      order = 'desc';","    }else{","      order = 'asc';","    }","    item[sort] = {order: order, ignore_unmapped: true};","    return item;","  };","","  result.sort = _.map(sorts, makeSort);","","  if(result.sort.length === 1){","    result.sort = result.sort[0];","  }","","  if(_.isArray(req.body.sort)){","    req.body.sort = req.body.sort.concat(result.sort);","  }else{","    req.body.sort = result.sort;","  }","}","","function addPopulations(req, value){","  if(!req.populate) req.populate = [];","  req.populate.push(value);","}",""],"l":{"3":1,"8":1,"21":1,"27":0,"28":0,"29":0,"33":0,"35":0,"36":0,"37":0,"47":0,"49":0,"52":0,"57":0,"58":0,"59":0,"60":0,"61":0,"64":0,"67":0,"68":0,"69":0,"72":0,"73":0,"74":0,"77":0,"78":0,"79":0,"82":0,"83":0,"84":0,"87":0,"88":0,"89":0,"92":0,"93":0,"94":0,"100":0,"101":0,"105":1,"106":0,"107":0,"109":1,"110":0,"112":0,"118":1,"119":0,"122":1,"123":0,"124":0,"132":0,"134":0,"135":0,"140":0,"141":0,"150":0,"163":0,"165":0,"166":0,"167":0,"174":0,"175":0,"176":0,"179":0,"182":0,"183":0,"186":0,"187":0,"190":0,"191":0,"194":0,"195":0,"198":0,"199":0,"202":0,"203":0,"206":0,"209":0,"210":0,"213":0,"216":1,"217":0,"220":0,"223":0,"224":0,"225":0,"226":0,"228":0,"230":0,"238":0,"239":0,"242":0,"243":0,"250":0,"255":1,"260":0,"262":0,"263":0,"264":0,"265":0,"267":0,"269":0,"272":0,"280":0,"281":0,"282":0,"283":0,"284":0,"285":0,"286":0,"291":0,"292":0,"294":0,"295":0,"297":0,"301":1,"302":0,"309":0,"310":0,"311":0,"312":0,"313":0,"315":0,"316":0,"318":0,"321":0,"322":0,"325":0,"326":0,"330":0,"333":0,"335":0,"336":0,"337":0,"338":0,"339":0,"340":0,"342":0,"346":0,"347":0,"348":0,"350":0,"359":0,"361":0,"363":0,"364":0,"369":1,"370":0,"371":0,"372":0,"373":0,"374":0,"377":1,"378":0,"380":0,"384":0,"385":0,"386":0,"387":0,"388":0,"390":0,"392":0,"393":0,"396":0,"398":0,"399":0,"402":0,"403":0,"405":0,"409":1,"410":0,"411":0}}}